<?xml version="1.0" encoding="utf-8"?>
<TestRun id="da7e50cc-fad0-4f24-86c8-075608f5ee92" name="@MacBook-Pro-2 2026-05-21 11:24:54" xmlns="http://microsoft.com/schemas/VisualStudio/TeamTest/2010">
  <Times creation="2026-05-21T11:24:54.5901450+02:00" queuing="2026-05-21T11:24:54.5901450+02:00" start="2026-05-21T11:24:54.0479660+02:00" finish="2026-05-21T11:24:54.7216610+02:00" />
  <TestSettings name="default" id="9bc3d6e2-fc55-46ed-b42b-6abd6ef1d9b0">
    <Deployment runDeploymentRoot="_MacBook-Pro-2_2026-05-21_11_24_54" />
  </TestSettings>
  <Results>
    <UnitTestResult executionId="a6150b58-ce71-47ec-bebe-90cc56832ed5" testId="4cfabe49-d067-c49b-50f8-f64bf9c91899" testName="HotelManagement.Tests.Unit.BookingServiceTests.CreateReservation_RejectsCheckOutBeforeCheckIn_PerDC_2" computerName="MacBook-Pro-2" duration="00:00:00.0016768" startTime="2026-05-21T11:24:54.6114150+02:00" endTime="2026-05-21T11:24:54.6114150+02:00" testType="13cdc9d9-ddb5-4fa4-a97d-d965ccfc6d4b" outcome="Failed" testListId="8c84fa94-04c1-424b-9868-57a2d4851a1d" relativeResultsDirectory="a6150b58-ce71-47ec-bebe-90cc56832ed5">
      <Output>
        <ErrorInfo>
          <Message>Expected a &lt;System.ArgumentException&gt; to be thrown, but no exception was thrown.</Message>
          <StackTrace>   at FluentAssertions.Execution.XUnit2TestFramework.Throw(String message)
   at FluentAssertions.Execution.TestFrameworkProvider.Throw(String message)
   at FluentAssertions.Execution.DefaultAssertionStrategy.HandleFailure(String message)
   at FluentAssertions.Execution.AssertionScope.FailWith(Func`1 failReasonFunc)
   at FluentAssertions.Execution.AssertionScope.FailWith(Func`1 failReasonFunc)
   at FluentAssertions.Execution.AssertionScope.FailWith(String message)
   at FluentAssertions.Specialized.DelegateAssertionsBase`2.ThrowInternal[TException](Exception exception, String because, Object[] becauseArgs)
   at FluentAssertions.Specialized.DelegateAssertions`2.Throw[TException](String because, Object[] becauseArgs)
   at HotelManagement.Tests.Unit.BookingServiceTests.CreateReservation_RejectsCheckOutBeforeCheckIn_PerDC_2() in /Users/AbdurahmanIbrahem/Desktop/School/HotelManagement/Windows/HotelManagement.Tests/Unit/BookingServiceTests.cs:line 34
   at System.RuntimeMethodHandle.InvokeMethod(Object target, Void** arguments, Signature sig, Boolean isConstructor)
   at System.Reflection.MethodBaseInvoker.InvokeWithNoArgs(Object obj, BindingFlags invokeAttr)</StackTrace>
        </ErrorInfo>
      </Output>
    </UnitTestResult>
    <UnitTestResult executionId="5ffc13e8-abe5-475b-b888-4d1f8b53cb5c" testId="84074442-ffb0-ce89-79da-76987b39ddb9" testName="HotelManagement.Tests.Unit.InvoiceServiceTests.GetOutstandingAmount_SumsPendingTotals_PerFR_INV_7" computerName="MacBook-Pro-2" duration="00:00:00.0006407" startTime="2026-05-21T11:24:54.6380260+02:00" endTime="2026-05-21T11:24:54.6380260+02:00" testType="13cdc9d9-ddb5-4fa4-a97d-d965ccfc6d4b" outcome="Passed" testListId="8c84fa94-04c1-424b-9868-57a2d4851a1d" relativeResultsDirectory="5ffc13e8-abe5-475b-b888-4d1f8b53cb5c" />
    <UnitTestResult executionId="8e1d5d8c-54f1-4840-ae1d-07ad442386a8" testId="2ebd171b-5e64-a060-3e83-797fbad0d6ee" testName="HotelManagement.Tests.Unit.ReportServiceTests.GetAverageStayDuration_IgnoresActiveStays_PerFR_RPT_5" computerName="MacBook-Pro-2" duration="00:00:00.0034183" startTime="2026-05-21T11:24:54.5704910+02:00" endTime="2026-05-21T11:24:54.5704910+02:00" testType="13cdc9d9-ddb5-4fa4-a97d-d965ccfc6d4b" outcome="Passed" testListId="8c84fa94-04c1-424b-9868-57a2d4851a1d" relativeResultsDirectory="8e1d5d8c-54f1-4840-ae1d-07ad442386a8" />
    <UnitTestResult executionId="c87baa64-915a-4dd8-9ea7-b8b11158dfae" testId="51533670-a9e5-ba4f-289e-d58f53f63461" testName="HotelManagement.Tests.Unit.RestaurantServiceTests.OrderLine_RejectsNegativeQuantity_PerDC_4" computerName="MacBook-Pro-2" duration="00:00:00.0006655" startTime="2026-05-21T11:24:54.6116540+02:00" endTime="2026-05-21T11:24:54.6116540+02:00" testType="13cdc9d9-ddb5-4fa4-a97d-d965ccfc6d4b" outcome="Failed" testListId="8c84fa94-04c1-424b-9868-57a2d4851a1d" relativeResultsDirectory="c87baa64-915a-4dd8-9ea7-b8b11158dfae">
      <Output>
        <ErrorInfo>
          <Message>Expected a &lt;System.ArgumentException&gt; to be thrown, but no exception was thrown.</Message>
          <StackTrace>   at FluentAssertions.Execution.XUnit2TestFramework.Throw(String message)
   at FluentAssertions.Execution.TestFrameworkProvider.Throw(String message)
   at FluentAssertions.Execution.DefaultAssertionStrategy.HandleFailure(String message)
   at FluentAssertions.Execution.AssertionScope.FailWith(Func`1 failReasonFunc)
   at FluentAssertions.Execution.AssertionScope.FailWith(Func`1 failReasonFunc)
   at FluentAssertions.Execution.AssertionScope.FailWith(String message)
   at FluentAssertions.Specialized.DelegateAssertionsBase`2.ThrowInternal[TException](Exception exception, String because, Object[] becauseArgs)
   at FluentAssertions.Specialized.DelegateAssertions`2.Throw[TException](String because, Object[] becauseArgs)
   at HotelManagement.Tests.Unit.RestaurantServiceTests.OrderLine_RejectsNegativeQuantity_PerDC_4() in /Users/AbdurahmanIbrahem/Desktop/School/HotelManagement/Windows/HotelManagement.Tests/Unit/RestaurantServiceTests.cs:line 199
   at System.RuntimeMethodHandle.InvokeMethod(Object target, Void** arguments, Signature sig, Boolean isConstructor)
   at System.Reflection.MethodBaseInvoker.InvokeWithNoArgs(Object obj, BindingFlags invokeAttr)</StackTrace>
        </ErrorInfo>
      </Output>
    </UnitTestResult>
    <UnitTestResult executionId="f43d36ec-cc55-4771-a8ab-11b743b96a04" testId="bd1f90f0-3b1d-ee49-90f8-b35ba5b15ca9" testName="HotelManagement.Tests.Unit.RestaurantServiceTests.ToggleAvailability_Flips" computerName="MacBook-Pro-2" duration="00:00:00.0011362" startTime="2026-05-21T11:24:54.5699580+02:00" endTime="2026-05-21T11:24:54.5699580+02:00" testType="13cdc9d9-ddb5-4fa4-a97d-d965ccfc6d4b" outcome="Passed" testListId="8c84fa94-04c1-424b-9868-57a2d4851a1d" relativeResultsDirectory="f43d36ec-cc55-4771-a8ab-11b743b96a04" />
    <UnitTestResult executionId="35f4a31a-feb5-454b-91a7-c57a2f568ae7" testId="e237002b-7ff0-68ff-78ed-f3dcff5827a3" testName="HotelManagement.Tests.Unit.RoomServiceTests.GetAvailableRooms_ExcludesNeedsCleaning" computerName="MacBook-Pro-2" duration="00:00:00.0029489" startTime="2026-05-21T11:24:54.5704410+02:00" endTime="2026-05-21T11:24:54.5704410+02:00" testType="13cdc9d9-ddb5-4fa4-a97d-d965ccfc6d4b" outcome="Passed" testListId="8c84fa94-04c1-424b-9868-57a2d4851a1d" relativeResultsDirectory="35f4a31a-feb5-454b-91a7-c57a2f568ae7" />
    <UnitTestResult executionId="cad3224c-2348-400b-85cf-c079603bd9fa" testId="be5129e9-1b57-8dfd-775d-66744618a10c" testName="HotelManagement.Tests.Unit.BookingServiceTests.CreateReservation_RejectsOverCapacityParty_PerFR_RES_9" computerName="MacBook-Pro-2" duration="00:00:00.0007218" startTime="2026-05-21T11:24:54.6251560+02:00" endTime="2026-05-21T11:24:54.6251570+02:00" testType="13cdc9d9-ddb5-4fa4-a97d-d965ccfc6d4b" outcome="Failed" testListId="8c84fa94-04c1-424b-9868-57a2d4851a1d" relativeResultsDirectory="cad3224c-2348-400b-85cf-c079603bd9fa">
      <Output>
        <ErrorInfo>
          <Message>Expected a &lt;System.InvalidOperationException&gt; to be thrown, but no exception was thrown.</Message>
          <StackTrace>   at FluentAssertions.Execution.XUnit2TestFramework.Throw(String message)
   at FluentAssertions.Execution.TestFrameworkProvider.Throw(String message)
   at FluentAssertions.Execution.DefaultAssertionStrategy.HandleFailure(String message)
   at FluentAssertions.Execution.AssertionScope.FailWith(Func`1 failReasonFunc)
   at FluentAssertions.Execution.AssertionScope.FailWith(Func`1 failReasonFunc)
   at FluentAssertions.Execution.AssertionScope.FailWith(String message)
   at FluentAssertions.Specialized.DelegateAssertionsBase`2.ThrowInternal[TException](Exception exception, String because, Object[] becauseArgs)
   at FluentAssertions.Specialized.DelegateAssertions`2.Throw[TException](String because, Object[] becauseArgs)
   at HotelManagement.Tests.Unit.BookingServiceTests.CreateReservation_RejectsOverCapacityParty_PerFR_RES_9() in /Users/AbdurahmanIbrahem/Desktop/School/HotelManagement/Windows/HotelManagement.Tests/Unit/BookingServiceTests.cs:line 67
   at System.RuntimeMethodHandle.InvokeMethod(Object target, Void** arguments, Signature sig, Boolean isConstructor)
   at System.Reflection.MethodBaseInvoker.InvokeWithNoArgs(Object obj, BindingFlags invokeAttr)</StackTrace>
        </ErrorInfo>
      </Output>
    </UnitTestResult>
    <UnitTestResult executionId="6c3643a5-3743-482b-9c15-d946aa3c7c29" testId="84d7b637-7fbc-beb4-3f8d-1085d721514f" testName="HotelManagement.Tests.Unit.RestaurantServiceTests.CancelOrder_RejectedFromReadyOrServed_PerFR_RST_7" computerName="MacBook-Pro-2" duration="00:00:00.0002884" startTime="2026-05-21T11:24:54.6237730+02:00" endTime="2026-05-21T11:24:54.6237730+02:00" testType="13cdc9d9-ddb5-4fa4-a97d-d965ccfc6d4b" outcome="Passed" testListId="8c84fa94-04c1-424b-9868-57a2d4851a1d" relativeResultsDirectory="6c3643a5-3743-482b-9c15-d946aa3c7c29" />
    <UnitTestResult executionId="857416ce-ea87-4a22-a441-9466c75be9cf" testId="3e882f3b-dd73-9b65-6758-062414dae878" testName="HotelManagement.Tests.Integration.RestaurantAndInvoiceIntegrationTests.OrderLines_FlowIntoInvoice" computerName="MacBook-Pro-2" duration="00:00:00.0014016" startTime="2026-05-21T11:24:54.6107820+02:00" endTime="2026-05-21T11:24:54.6107820+02:00" testType="13cdc9d9-ddb5-4fa4-a97d-d965ccfc6d4b" outcome="Passed" testListId="8c84fa94-04c1-424b-9868-57a2d4851a1d" relativeResultsDirectory="857416ce-ea87-4a22-a441-9466c75be9cf" />
    <UnitTestResult executionId="7787b2ed-aeaf-474d-befa-8080c6cf5da9" testId="fbb2eace-3cd6-9854-4d36-b2b2057df7a5" testName="HotelManagement.Tests.Integration.ReservationLifecycleIntegrationTests.HappyPath_ReservationToCheckOutAndPaidInvoice" computerName="MacBook-Pro-2" duration="00:00:00.0013287" startTime="2026-05-21T11:24:54.6107650+02:00" endTime="2026-05-21T11:24:54.6107650+02:00" testType="13cdc9d9-ddb5-4fa4-a97d-d965ccfc6d4b" outcome="Passed" testListId="8c84fa94-04c1-424b-9868-57a2d4851a1d" relativeResultsDirectory="7787b2ed-aeaf-474d-befa-8080c6cf5da9" />
    <UnitTestResult executionId="f5024c94-9281-4763-b759-afdde3550ea1" testId="62a4267e-ebc0-f141-6456-304c3f34a82b" testName="HotelManagement.Tests.Unit.RestaurantServiceTests.AdvanceOrderStatus_StopsAtServed_PerFR_RST_6" computerName="MacBook-Pro-2" duration="00:00:00.0001353" startTime="2026-05-21T11:24:54.6107080+02:00" endTime="2026-05-21T11:24:54.6107080+02:00" testType="13cdc9d9-ddb5-4fa4-a97d-d965ccfc6d4b" outcome="Passed" testListId="8c84fa94-04c1-424b-9868-57a2d4851a1d" relativeResultsDirectory="f5024c94-9281-4763-b759-afdde3550ea1" />
    <UnitTestResult executionId="3f23a8c0-9310-4770-a4eb-1283008d87e1" testId="e24cd2a8-d6ca-e99c-d28b-43e8757b0b02" testName="HotelManagement.Tests.Unit.AuthServiceTests.Login_RejectsWrongPassword" computerName="MacBook-Pro-2" duration="00:00:00.0233117" startTime="2026-05-21T11:24:54.5441090+02:00" endTime="2026-05-21T11:24:54.5441090+02:00" testType="13cdc9d9-ddb5-4fa4-a97d-d965ccfc6d4b" outcome="Passed" testListId="8c84fa94-04c1-424b-9868-57a2d4851a1d" relativeResultsDirectory="3f23a8c0-9310-4770-a4eb-1283008d87e1" />
    <UnitTestResult executionId="2eb6ebe1-89a7-4859-b381-ede9f517936f" testId="cd8fc77e-4c6b-ce14-bffa-4bd54c8c4f74" testName="HotelManagement.Tests.Unit.UserServiceTests.UpdateRole_RejectsSystemRole_PerFR_USR_5" computerName="MacBook-Pro-2" duration="00:00:00.0016935" startTime="2026-05-21T11:24:54.5708990+02:00" endTime="2026-05-21T11:24:54.5708990+02:00" testType="13cdc9d9-ddb5-4fa4-a97d-d965ccfc6d4b" outcome="Passed" testListId="8c84fa94-04c1-424b-9868-57a2d4851a1d" relativeResultsDirectory="2eb6ebe1-89a7-4859-b381-ede9f517936f" />
    <UnitTestResult executionId="ac3d0872-0df0-4054-97bf-2c269ea22f2c" testId="9e444215-847d-2410-bd99-6850919f6498" testName="HotelManagement.Tests.Unit.RoomServiceTests.MarkOccupied_SetsFlag" computerName="MacBook-Pro-2" duration="00:00:00.0001247" startTime="2026-05-21T11:24:54.6107440+02:00" endTime="2026-05-21T11:24:54.6107440+02:00" testType="13cdc9d9-ddb5-4fa4-a97d-d965ccfc6d4b" outcome="Passed" testListId="8c84fa94-04c1-424b-9868-57a2d4851a1d" relativeResultsDirectory="ac3d0872-0df0-4054-97bf-2c269ea22f2c" />
    <UnitTestResult executionId="aab969b6-b20f-4800-8f78-2981e1bcc63f" testId="7455ef0d-5cc0-7ecd-cbc1-ce0082ca26ef" testName="HotelManagement.Tests.Unit.RoomServiceTests.AddRoom_AcceptsNewUniqueNumber" computerName="MacBook-Pro-2" duration="00:00:00.0238663" startTime="2026-05-21T11:24:54.5434510+02:00" endTime="2026-05-21T11:24:54.5434510+02:00" testType="13cdc9d9-ddb5-4fa4-a97d-d965ccfc6d4b" outcome="Passed" testListId="8c84fa94-04c1-424b-9868-57a2d4851a1d" relativeResultsDirectory="aab969b6-b20f-4800-8f78-2981e1bcc63f" />
    <UnitTestResult executionId="790dfb06-38d9-486f-b27f-82955ea181f0" testId="a1297d97-d5f4-0034-ebda-e9d3d0fd8984" testName="HotelManagement.Tests.Unit.RoomServiceTests.AddRoom_RequiresCreatePermission" computerName="MacBook-Pro-2" duration="00:00:00.0004783" startTime="2026-05-21T11:24:54.6085400+02:00" endTime="2026-05-21T11:24:54.6085400+02:00" testType="13cdc9d9-ddb5-4fa4-a97d-d965ccfc6d4b" outcome="Passed" testListId="8c84fa94-04c1-424b-9868-57a2d4851a1d" relativeResultsDirectory="790dfb06-38d9-486f-b27f-82955ea181f0" />
    <UnitTestResult executionId="6f80f128-2941-4288-b2b5-edbb06b13d2a" testId="2ea01962-76a6-221e-d4b2-5de434add8a3" testName="HotelManagement.Tests.Unit.AuthServiceTests.Login_IsPasswordCaseSensitive_PerFR_AUTH_1" computerName="MacBook-Pro-2" duration="00:00:00.0001115" startTime="2026-05-21T11:24:54.5704300+02:00" endTime="2026-05-21T11:24:54.5704300+02:00" testType="13cdc9d9-ddb5-4fa4-a97d-d965ccfc6d4b" outcome="Passed" testListId="8c84fa94-04c1-424b-9868-57a2d4851a1d" relativeResultsDirectory="6f80f128-2941-4288-b2b5-edbb06b13d2a" />
    <UnitTestResult executionId="dff35d07-8672-4c39-bfbe-bda0708ab608" testId="82814d92-d65f-ab60-9d2b-5cb4bd61d20e" testName="HotelManagement.Tests.Unit.RoomServiceTests.RemoveRoom_RejectsRoomWithConfirmedReservation" computerName="MacBook-Pro-2" duration="00:00:00.0476279" startTime="2026-05-21T11:24:54.6074110+02:00" endTime="2026-05-21T11:24:54.6074110+02:00" testType="13cdc9d9-ddb5-4fa4-a97d-d965ccfc6d4b" outcome="Failed" testListId="8c84fa94-04c1-424b-9868-57a2d4851a1d" relativeResultsDirectory="dff35d07-8672-4c39-bfbe-bda0708ab608">
      <Output>
        <ErrorInfo>
          <Message>Expected a &lt;System.InvalidOperationException&gt; to be thrown, but no exception was thrown.</Message>
          <StackTrace>   at FluentAssertions.Execution.XUnit2TestFramework.Throw(String message)
   at FluentAssertions.Execution.TestFrameworkProvider.Throw(String message)
   at FluentAssertions.Execution.DefaultAssertionStrategy.HandleFailure(String message)
   at FluentAssertions.Execution.AssertionScope.FailWith(Func`1 failReasonFunc)
   at FluentAssertions.Execution.AssertionScope.FailWith(Func`1 failReasonFunc)
   at FluentAssertions.Execution.AssertionScope.FailWith(String message)
   at FluentAssertions.Specialized.DelegateAssertionsBase`2.ThrowInternal[TException](Exception exception, String because, Object[] becauseArgs)
   at FluentAssertions.Specialized.DelegateAssertions`2.Throw[TException](String because, Object[] becauseArgs)
   at HotelManagement.Tests.Unit.RoomServiceTests.RemoveRoom_RejectsRoomWithConfirmedReservation() in /Users/AbdurahmanIbrahem/Desktop/School/HotelManagement/Windows/HotelManagement.Tests/Unit/RoomServiceTests.cs:line 119
   at System.RuntimeMethodHandle.InvokeMethod(Object target, Void** arguments, Signature sig, Boolean isConstructor)
   at System.Reflection.MethodBaseInvoker.InvokeWithNoArgs(Object obj, BindingFlags invokeAttr)</StackTrace>
        </ErrorInfo>
      </Output>
    </UnitTestResult>
    <UnitTestResult executionId="1d5bdebb-1ab4-41be-a418-fcac2152dfc1" testId="c801f442-037e-8dd1-acdd-e85d462320bd" testName="HotelManagement.Tests.Unit.AuthServiceTests.Login_ReturnsFalse_WhenUsernameIsNull" computerName="MacBook-Pro-2" duration="00:00:00.0002999" startTime="2026-05-21T11:24:54.5698710+02:00" endTime="2026-05-21T11:24:54.5698710+02:00" testType="13cdc9d9-ddb5-4fa4-a97d-d965ccfc6d4b" outcome="Passed" testListId="8c84fa94-04c1-424b-9868-57a2d4851a1d" relativeResultsDirectory="1d5bdebb-1ab4-41be-a418-fcac2152dfc1" />
    <UnitTestResult executionId="2641c5fd-5adb-40d2-bbc6-5976d102620e" testId="9258350f-97c9-c9da-d934-508901ee60bf" testName="HotelManagement.Tests.Unit.InvoiceServiceTests.GenerateInvoice_AssignsAutoIncrementingInvoiceNumber_PerFR_INV_2" computerName="MacBook-Pro-2" duration="00:00:00.0006843" startTime="2026-05-21T11:24:54.6086120+02:00" endTime="2026-05-21T11:24:54.6086120+02:00" testType="13cdc9d9-ddb5-4fa4-a97d-d965ccfc6d4b" outcome="Passed" testListId="8c84fa94-04c1-424b-9868-57a2d4851a1d" relativeResultsDirectory="2641c5fd-5adb-40d2-bbc6-5976d102620e" />
    <UnitTestResult executionId="07cf0020-ba1b-436c-9040-806ac1287879" testId="1e330bc3-48da-355c-8c55-5f1aa3f94941" testName="HotelManagement.Tests.Unit.RoomServiceTests.GetAvailableRooms_ExcludesOccupiedRooms" computerName="MacBook-Pro-2" duration="00:00:00.0006569" startTime="2026-05-21T11:24:54.6076790+02:00" endTime="2026-05-21T11:24:54.6076790+02:00" testType="13cdc9d9-ddb5-4fa4-a97d-d965ccfc6d4b" outcome="Passed" testListId="8c84fa94-04c1-424b-9868-57a2d4851a1d" relativeResultsDirectory="07cf0020-ba1b-436c-9040-806ac1287879" />
    <UnitTestResult executionId="f09545d4-98f4-437e-8916-14096d0cafc4" testId="a7e63932-18f6-1218-dac3-06a7b38c6732" testName="HotelManagement.Tests.Unit.UserServiceTests.RemoveUser_RemovesNonSystemUser" computerName="MacBook-Pro-2" duration="00:00:00.0036866" startTime="2026-05-21T11:24:54.5709460+02:00" endTime="2026-05-21T11:24:54.5709460+02:00" testType="13cdc9d9-ddb5-4fa4-a97d-d965ccfc6d4b" outcome="Passed" testListId="8c84fa94-04c1-424b-9868-57a2d4851a1d" relativeResultsDirectory="f09545d4-98f4-437e-8916-14096d0cafc4" />
    <UnitTestResult executionId="465e6f01-fded-4dfd-9274-c7d31896d201" testId="f0d40f33-22b3-93d1-2213-b18362ea9548" testName="HotelManagement.Tests.Unit.RestaurantServiceTests.AddLinesToOrder_RecomputesStayRestaurantCharges_PerFR_RST_8" computerName="MacBook-Pro-2" duration="00:00:00.0001713" startTime="2026-05-21T11:24:54.6271920+02:00" endTime="2026-05-21T11:24:54.6271920+02:00" testType="13cdc9d9-ddb5-4fa4-a97d-d965ccfc6d4b" outcome="Passed" testListId="8c84fa94-04c1-424b-9868-57a2d4851a1d" relativeResultsDirectory="465e6f01-fded-4dfd-9274-c7d31896d201" />
    <UnitTestResult executionId="2c038691-8ff7-4048-aaf8-08aac177ef39" testId="a58fe293-799c-5ee7-57cc-46cbd39cdbc7" testName="HotelManagement.Tests.Unit.RestaurantServiceTests.AddMenuItem_AcceptedAsManager" computerName="MacBook-Pro-2" duration="00:00:00.0238507" startTime="2026-05-21T11:24:54.5447990+02:00" endTime="2026-05-21T11:24:54.5447990+02:00" testType="13cdc9d9-ddb5-4fa4-a97d-d965ccfc6d4b" outcome="Passed" testListId="8c84fa94-04c1-424b-9868-57a2d4851a1d" relativeResultsDirectory="2c038691-8ff7-4048-aaf8-08aac177ef39" />
    <UnitTestResult executionId="8cdcc989-d23d-4507-9c36-43b870b78085" testId="00ef030c-f84b-9561-307f-26b6d8d0d73d" testName="HotelManagement.Tests.Unit.InvoiceServiceTests.MarkRefunded_TransitionsPaidToRefunded_PerFR_INV_6" computerName="MacBook-Pro-2" duration="00:00:00.0002571" startTime="2026-05-21T11:24:54.6077000+02:00" endTime="2026-05-21T11:24:54.6077000+02:00" testType="13cdc9d9-ddb5-4fa4-a97d-d965ccfc6d4b" outcome="Passed" testListId="8c84fa94-04c1-424b-9868-57a2d4851a1d" relativeResultsDirectory="8cdcc989-d23d-4507-9c36-43b870b78085" />
    <UnitTestResult executionId="b376b91a-6af8-49be-a323-ebef8c2343c9" testId="382bb5ff-5afb-10dc-7d3a-d9c65b7d22a2" testName="HotelManagement.Tests.Unit.UserServiceTests.AddUser_AddsToStore_PerFR_USR_4" computerName="MacBook-Pro-2" duration="00:00:00.0003002" startTime="2026-05-21T11:24:54.5713410+02:00" endTime="2026-05-21T11:24:54.5713410+02:00" testType="13cdc9d9-ddb5-4fa4-a97d-d965ccfc6d4b" outcome="Passed" testListId="8c84fa94-04c1-424b-9868-57a2d4851a1d" relativeResultsDirectory="b376b91a-6af8-49be-a323-ebef8c2343c9" />
    <UnitTestResult executionId="02f0e0f1-da8a-4482-8f1e-1871e0e96ada" testId="99c1ab16-679c-a3e8-72ec-70aa20d47959" testName="HotelManagement.Tests.Unit.RestaurantServiceTests.CreateOrder_RejectsCheckedOutStay_PerFR_RST_4" computerName="MacBook-Pro-2" duration="00:00:00.0529694" startTime="2026-05-21T11:24:54.6069860+02:00" endTime="2026-05-21T11:24:54.6069860+02:00" testType="13cdc9d9-ddb5-4fa4-a97d-d965ccfc6d4b" outcome="Failed" testListId="8c84fa94-04c1-424b-9868-57a2d4851a1d" relativeResultsDirectory="02f0e0f1-da8a-4482-8f1e-1871e0e96ada">
      <Output>
        <ErrorInfo>
          <Message>Expected a &lt;System.InvalidOperationException&gt; to be thrown, but no exception was thrown.</Message>
          <StackTrace>   at FluentAssertions.Execution.XUnit2TestFramework.Throw(String message)
   at FluentAssertions.Execution.TestFrameworkProvider.Throw(String message)
   at FluentAssertions.Execution.DefaultAssertionStrategy.HandleFailure(String message)
   at FluentAssertions.Execution.AssertionScope.FailWith(Func`1 failReasonFunc)
   at FluentAssertions.Execution.AssertionScope.FailWith(Func`1 failReasonFunc)
   at FluentAssertions.Execution.AssertionScope.FailWith(String message)
   at FluentAssertions.Specialized.DelegateAssertionsBase`2.ThrowInternal[TException](Exception exception, String because, Object[] becauseArgs)
   at FluentAssertions.Specialized.DelegateAssertions`2.Throw[TException](String because, Object[] becauseArgs)
   at HotelManagement.Tests.Unit.RestaurantServiceTests.CreateOrder_RejectsCheckedOutStay_PerFR_RST_4() in /Users/AbdurahmanIbrahem/Desktop/School/HotelManagement/Windows/HotelManagement.Tests/Unit/RestaurantServiceTests.cs:line 33
   at System.RuntimeMethodHandle.InvokeMethod(Object target, Void** arguments, Signature sig, Boolean isConstructor)
   at System.Reflection.MethodBaseInvoker.InvokeWithNoArgs(Object obj, BindingFlags invokeAttr)</StackTrace>
        </ErrorInfo>
      </Output>
    </UnitTestResult>
    <UnitTestResult executionId="1fdd4fef-a7d8-4dc4-a926-9dd757bda972" testId="169fb350-328a-09d8-6d42-540992fa50bb" testName="HotelManagement.Tests.Unit.ReportServiceTests.GetRevenueByRoomType_GroupsCorrectly_PerFR_RPT_2" computerName="MacBook-Pro-2" duration="00:00:00.0050228" startTime="2026-05-21T11:24:54.5709210+02:00" endTime="2026-05-21T11:24:54.5709210+02:00" testType="13cdc9d9-ddb5-4fa4-a97d-d965ccfc6d4b" outcome="Passed" testListId="8c84fa94-04c1-424b-9868-57a2d4851a1d" relativeResultsDirectory="1fdd4fef-a7d8-4dc4-a926-9dd757bda972" />
    <UnitTestResult executionId="8f83347b-ff2b-4637-b45c-d246e2e4d609" testId="eee29402-9fa6-7693-ccc8-dce4f8cd73d3" testName="HotelManagement.Tests.Unit.UserServiceTests.AddUser_RejectsBlankPassword" computerName="MacBook-Pro-2" duration="00:00:00.0005553" startTime="2026-05-21T11:24:54.5708670+02:00" endTime="2026-05-21T11:24:54.5708670+02:00" testType="13cdc9d9-ddb5-4fa4-a97d-d965ccfc6d4b" outcome="Passed" testListId="8c84fa94-04c1-424b-9868-57a2d4851a1d" relativeResultsDirectory="8f83347b-ff2b-4637-b45c-d246e2e4d609" />
    <UnitTestResult executionId="8e5cd6b9-c79b-461e-b865-eca27c4b30f5" testId="e288c735-973b-aecf-489e-a18481634d5d" testName="HotelManagement.Tests.Unit.RestaurantServiceTests.OrderLine_RejectsZeroQuantity_PerDC_4" computerName="MacBook-Pro-2" duration="00:00:00.0007455" startTime="2026-05-21T11:24:54.6255380+02:00" endTime="2026-05-21T11:24:54.6255380+02:00" testType="13cdc9d9-ddb5-4fa4-a97d-d965ccfc6d4b" outcome="Failed" testListId="8c84fa94-04c1-424b-9868-57a2d4851a1d" relativeResultsDirectory="8e5cd6b9-c79b-461e-b865-eca27c4b30f5">
      <Output>
        <ErrorInfo>
          <Message>Expected a &lt;System.ArgumentException&gt; to be thrown, but no exception was thrown.</Message>
          <StackTrace>   at FluentAssertions.Execution.XUnit2TestFramework.Throw(String message)
   at FluentAssertions.Execution.TestFrameworkProvider.Throw(String message)
   at FluentAssertions.Execution.DefaultAssertionStrategy.HandleFailure(String message)
   at FluentAssertions.Execution.AssertionScope.FailWith(Func`1 failReasonFunc)
   at FluentAssertions.Execution.AssertionScope.FailWith(Func`1 failReasonFunc)
   at FluentAssertions.Execution.AssertionScope.FailWith(String message)
   at FluentAssertions.Specialized.DelegateAssertionsBase`2.ThrowInternal[TException](Exception exception, String because, Object[] becauseArgs)
   at FluentAssertions.Specialized.DelegateAssertions`2.Throw[TException](String because, Object[] becauseArgs)
   at HotelManagement.Tests.Unit.RestaurantServiceTests.OrderLine_RejectsZeroQuantity_PerDC_4() in /Users/AbdurahmanIbrahem/Desktop/School/HotelManagement/Windows/HotelManagement.Tests/Unit/RestaurantServiceTests.cs:line 187
   at System.RuntimeMethodHandle.InvokeMethod(Object target, Void** arguments, Signature sig, Boolean isConstructor)
   at System.Reflection.MethodBaseInvoker.InvokeWithNoArgs(Object obj, BindingFlags invokeAttr)</StackTrace>
        </ErrorInfo>
      </Output>
    </UnitTestResult>
    <UnitTestResult executionId="0d86aa21-f2c1-412b-aa49-7d5fe7e14738" testId="59ae2397-a4b7-5ccc-72f1-a8e435813935" testName="HotelManagement.Tests.Unit.UserServiceTests.AddRole_AddsToStore_PerFR_USR_6" computerName="MacBook-Pro-2" duration="00:00:00.0009704" startTime="2026-05-21T11:24:54.5709920+02:00" endTime="2026-05-21T11:24:54.5709920+02:00" testType="13cdc9d9-ddb5-4fa4-a97d-d965ccfc6d4b" outcome="Passed" testListId="8c84fa94-04c1-424b-9868-57a2d4851a1d" relativeResultsDirectory="0d86aa21-f2c1-412b-aa49-7d5fe7e14738" />
    <UnitTestResult executionId="e1bbbfd6-8f44-4e01-9c1c-0d005fc0ad69" testId="3bc7c8f3-7892-ed45-ce3c-e0f0d81de467" testName="HotelManagement.Tests.Unit.BookingServiceTests.Cancel_TransitionsConfirmedToCancelled_PerFR_RES_3" computerName="MacBook-Pro-2" duration="00:00:00.0001039" startTime="2026-05-21T11:24:54.6380790+02:00" endTime="2026-05-21T11:24:54.6380790+02:00" testType="13cdc9d9-ddb5-4fa4-a97d-d965ccfc6d4b" outcome="Passed" testListId="8c84fa94-04c1-424b-9868-57a2d4851a1d" relativeResultsDirectory="e1bbbfd6-8f44-4e01-9c1c-0d005fc0ad69" />
    <UnitTestResult executionId="fb1d0e33-3775-42ad-ac8f-16fdabdb814d" testId="a4ab4da3-0a8b-34e8-ae5b-4ae3bfec99aa" testName="HotelManagement.Tests.Unit.RestaurantServiceTests.AdvanceOrderStatus_RejectsCancelledOrder" computerName="MacBook-Pro-2" duration="00:00:00.0024129" startTime="2026-05-21T11:24:54.6088830+02:00" endTime="2026-05-21T11:24:54.6088830+02:00" testType="13cdc9d9-ddb5-4fa4-a97d-d965ccfc6d4b" outcome="Failed" testListId="8c84fa94-04c1-424b-9868-57a2d4851a1d" relativeResultsDirectory="fb1d0e33-3775-42ad-ac8f-16fdabdb814d">
      <Output>
        <ErrorInfo>
          <Message>Expected a &lt;System.InvalidOperationException&gt; to be thrown, but no exception was thrown.</Message>
          <StackTrace>   at FluentAssertions.Execution.XUnit2TestFramework.Throw(String message)
   at FluentAssertions.Execution.TestFrameworkProvider.Throw(String message)
   at FluentAssertions.Execution.DefaultAssertionStrategy.HandleFailure(String message)
   at FluentAssertions.Execution.AssertionScope.FailWith(Func`1 failReasonFunc)
   at FluentAssertions.Execution.AssertionScope.FailWith(Func`1 failReasonFunc)
   at FluentAssertions.Execution.AssertionScope.FailWith(String message)
   at FluentAssertions.Specialized.DelegateAssertionsBase`2.ThrowInternal[TException](Exception exception, String because, Object[] becauseArgs)
   at FluentAssertions.Specialized.DelegateAssertions`2.Throw[TException](String because, Object[] becauseArgs)
   at HotelManagement.Tests.Unit.RestaurantServiceTests.AdvanceOrderStatus_RejectsCancelledOrder() in /Users/AbdurahmanIbrahem/Desktop/School/HotelManagement/Windows/HotelManagement.Tests/Unit/RestaurantServiceTests.cs:line 74
   at System.RuntimeMethodHandle.InvokeMethod(Object target, Void** arguments, Signature sig, Boolean isConstructor)
   at System.Reflection.MethodBaseInvoker.InvokeWithNoArgs(Object obj, BindingFlags invokeAttr)</StackTrace>
        </ErrorInfo>
      </Output>
    </UnitTestResult>
    <UnitTestResult executionId="403e05ca-044e-40ab-8813-2ed190378d22" testId="e6545ddd-48ab-8e66-13e7-67f37e019fe5" testName="HotelManagement.Tests.Unit.InvoiceServiceTests.GenerateInvoice_ProducesCorrectArithmetic_PerFR_INV_3" computerName="MacBook-Pro-2" duration="00:00:00.0011104" startTime="2026-05-21T11:24:54.5688940+02:00" endTime="2026-05-21T11:24:54.5688940+02:00" testType="13cdc9d9-ddb5-4fa4-a97d-d965ccfc6d4b" outcome="Passed" testListId="8c84fa94-04c1-424b-9868-57a2d4851a1d" relativeResultsDirectory="403e05ca-044e-40ab-8813-2ed190378d22" />
    <UnitTestResult executionId="7cad86ac-fe2c-4e47-bbfd-8ab9cce46247" testId="6b109c95-3172-f868-0534-01dba9a0a3fe" testName="HotelManagement.Tests.Unit.UserServiceTests.RemoveRole_RejectsSystemRole_PerFR_USR_5" computerName="MacBook-Pro-2" duration="00:00:00.0008583" startTime="2026-05-21T11:24:54.5713650+02:00" endTime="2026-05-21T11:24:54.5713650+02:00" testType="13cdc9d9-ddb5-4fa4-a97d-d965ccfc6d4b" outcome="Passed" testListId="8c84fa94-04c1-424b-9868-57a2d4851a1d" relativeResultsDirectory="7cad86ac-fe2c-4e47-bbfd-8ab9cce46247" />
    <UnitTestResult executionId="1890a1c7-074c-4570-a3a3-1f5a32a423e2" testId="b689ea75-ec0b-f01d-40a4-d4014fcfa046" testName="HotelManagement.Tests.Unit.RoomServiceTests.UpdateRoom_RejectsDuplicateNumber" computerName="MacBook-Pro-2" duration="00:00:00.0017458" startTime="2026-05-21T11:24:54.5701610+02:00" endTime="2026-05-21T11:24:54.5701610+02:00" testType="13cdc9d9-ddb5-4fa4-a97d-d965ccfc6d4b" outcome="Passed" testListId="8c84fa94-04c1-424b-9868-57a2d4851a1d" relativeResultsDirectory="1890a1c7-074c-4570-a3a3-1f5a32a423e2" />
    <UnitTestResult executionId="ba8583aa-7626-4f9e-8b7a-f64bfc76fd4d" testId="718963d6-510a-ba2a-e2a4-9dec63a4c0fd" testName="HotelManagement.Tests.Unit.InvoiceServiceTests.GenerateInvoice_AddsOneLinePerNight_PerFR_INV_1" computerName="MacBook-Pro-2" duration="00:00:00.0234224" startTime="2026-05-21T11:24:54.5399360+02:00" endTime="2026-05-21T11:24:54.5399770+02:00" testType="13cdc9d9-ddb5-4fa4-a97d-d965ccfc6d4b" outcome="Passed" testListId="8c84fa94-04c1-424b-9868-57a2d4851a1d" relativeResultsDirectory="ba8583aa-7626-4f9e-8b7a-f64bfc76fd4d" />
    <UnitTestResult executionId="d471409f-5d2f-4596-be95-117d0840fffc" testId="0090fd53-eda7-cde7-bc14-14cac4d7ef31" testName="HotelManagement.Tests.Unit.BookingServiceTests.CheckOut_RoundsUpPartialNight_PerHotelConvention" computerName="MacBook-Pro-2" duration="00:00:00.0021955" startTime="2026-05-21T11:24:54.6386840+02:00" endTime="2026-05-21T11:24:54.6386840+02:00" testType="13cdc9d9-ddb5-4fa4-a97d-d965ccfc6d4b" outcome="Failed" testListId="8c84fa94-04c1-424b-9868-57a2d4851a1d" relativeResultsDirectory="d471409f-5d2f-4596-be95-117d0840fffc">
      <Output>
        <ErrorInfo>
          <Message>Expected stay.RoomCharges to be 199.98M, but found 99.99M (difference of -99.99).</Message>
          <StackTrace>   at FluentAssertions.Execution.XUnit2TestFramework.Throw(String message)
   at FluentAssertions.Execution.TestFrameworkProvider.Throw(String message)
   at FluentAssertions.Execution.DefaultAssertionStrategy.HandleFailure(String message)
   at FluentAssertions.Execution.AssertionScope.FailWith(Func`1 failReasonFunc)
   at FluentAssertions.Execution.AssertionScope.FailWith(Func`1 failReasonFunc)
   at FluentAssertions.Execution.AssertionScope.FailWith(String message, Object[] args)
   at FluentAssertions.Numeric.NumericAssertions`2.Be(T expected, String because, Object[] becauseArgs)
   at HotelManagement.Tests.Unit.BookingServiceTests.CheckOut_RoundsUpPartialNight_PerHotelConvention() in /Users/AbdurahmanIbrahem/Desktop/School/HotelManagement/Windows/HotelManagement.Tests/Unit/BookingServiceTests.cs:line 225
   at System.RuntimeMethodHandle.InvokeMethod(Object target, Void** arguments, Signature sig, Boolean isConstructor)
   at System.Reflection.MethodBaseInvoker.InvokeWithNoArgs(Object obj, BindingFlags invokeAttr)</StackTrace>
        </ErrorInfo>
      </Output>
    </UnitTestResult>
    <UnitTestResult executionId="55b33f95-01cb-461f-92d3-b312e8bcca10" testId="1cb3999c-f9b0-d2b0-5728-8d7b26916c60" testName="HotelManagement.Tests.Unit.AuthServiceTests.Login_AcceptsValidSuperAdminCredentials" computerName="MacBook-Pro-2" duration="00:00:00.0001089" startTime="2026-05-21T11:24:54.5702260+02:00" endTime="2026-05-21T11:24:54.5702260+02:00" testType="13cdc9d9-ddb5-4fa4-a97d-d965ccfc6d4b" outcome="Passed" testListId="8c84fa94-04c1-424b-9868-57a2d4851a1d" relativeResultsDirectory="55b33f95-01cb-461f-92d3-b312e8bcca10" />
    <UnitTestResult executionId="0a878fad-1910-44a3-97b3-19b1003fcd41" testId="66baf14c-7d8c-ad15-b726-a04d2b764b08" testName="HotelManagement.Tests.Integration.RestaurantAndInvoiceIntegrationTests.CancelledOrder_DoesNotIncreaseStayCharges" computerName="MacBook-Pro-2" duration="00:00:00.0831688" startTime="2026-05-21T11:24:54.6065500+02:00" endTime="2026-05-21T11:24:54.6065500+02:00" testType="13cdc9d9-ddb5-4fa4-a97d-d965ccfc6d4b" outcome="Failed" testListId="8c84fa94-04c1-424b-9868-57a2d4851a1d" relativeResultsDirectory="0a878fad-1910-44a3-97b3-19b1003fcd41">
      <Output>
        <ErrorInfo>
          <Message>Expected stay.RestaurantCharges to be 32.97M, but found 115.90M (difference of 82.93).</Message>
          <StackTrace>   at FluentAssertions.Execution.XUnit2TestFramework.Throw(String message)
   at FluentAssertions.Execution.TestFrameworkProvider.Throw(String message)
   at FluentAssertions.Execution.DefaultAssertionStrategy.HandleFailure(String message)
   at FluentAssertions.Execution.AssertionScope.FailWith(Func`1 failReasonFunc)
   at FluentAssertions.Execution.AssertionScope.FailWith(Func`1 failReasonFunc)
   at FluentAssertions.Execution.AssertionScope.FailWith(String message, Object[] args)
   at FluentAssertions.Numeric.NumericAssertions`2.Be(T expected, String because, Object[] becauseArgs)
   at HotelManagement.Tests.Integration.RestaurantAndInvoiceIntegrationTests.CancelledOrder_DoesNotIncreaseStayCharges() in /Users/AbdurahmanIbrahem/Desktop/School/HotelManagement/Windows/HotelManagement.Tests/Integration/RestaurantAndInvoiceIntegrationTests.cs:line 84
   at System.RuntimeMethodHandle.InvokeMethod(Object target, Void** arguments, Signature sig, Boolean isConstructor)
   at System.Reflection.MethodBaseInvoker.InvokeWithNoArgs(Object obj, BindingFlags invokeAttr)</StackTrace>
        </ErrorInfo>
      </Output>
    </UnitTestResult>
    <UnitTestResult executionId="0f2c53cf-6199-4a41-86c6-1b69f750661b" testId="e8fac0f8-68da-0cb9-a0b0-d9053edc0786" testName="HotelManagement.Tests.Integration.ReservationLifecycleIntegrationTests.CancelledReservation_DoesNotAllowCheckIn" computerName="MacBook-Pro-2" duration="00:00:00.0830967" startTime="2026-05-21T11:24:54.6060710+02:00" endTime="2026-05-21T11:24:54.6060710+02:00" testType="13cdc9d9-ddb5-4fa4-a97d-d965ccfc6d4b" outcome="Failed" testListId="8c84fa94-04c1-424b-9868-57a2d4851a1d" relativeResultsDirectory="0f2c53cf-6199-4a41-86c6-1b69f750661b">
      <Output>
        <ErrorInfo>
          <Message>Expected a &lt;System.InvalidOperationException&gt; to be thrown, but no exception was thrown.</Message>
          <StackTrace>   at FluentAssertions.Execution.XUnit2TestFramework.Throw(String message)
   at FluentAssertions.Execution.TestFrameworkProvider.Throw(String message)
   at FluentAssertions.Execution.DefaultAssertionStrategy.HandleFailure(String message)
   at FluentAssertions.Execution.AssertionScope.FailWith(Func`1 failReasonFunc)
   at FluentAssertions.Execution.AssertionScope.FailWith(Func`1 failReasonFunc)
   at FluentAssertions.Execution.AssertionScope.FailWith(String message)
   at FluentAssertions.Specialized.DelegateAssertionsBase`2.ThrowInternal[TException](Exception exception, String because, Object[] becauseArgs)
   at FluentAssertions.Specialized.DelegateAssertions`2.Throw[TException](String because, Object[] becauseArgs)
   at HotelManagement.Tests.Integration.ReservationLifecycleIntegrationTests.CancelledReservation_DoesNotAllowCheckIn() in /Users/AbdurahmanIbrahem/Desktop/School/HotelManagement/Windows/HotelManagement.Tests/Integration/ReservationLifecycleIntegrationTests.cs:line 79
   at System.RuntimeMethodHandle.InvokeMethod(Object target, Void** arguments, Signature sig, Boolean isConstructor)
   at System.Reflection.MethodBaseInvoker.InvokeWithNoArgs(Object obj, BindingFlags invokeAttr)</StackTrace>
        </ErrorInfo>
      </Output>
    </UnitTestResult>
    <UnitTestResult executionId="7874166c-0368-4b41-9d55-7bd013ea567f" testId="3a347e56-90b0-d2fe-ff2e-2470dc38f787" testName="HotelManagement.Tests.Unit.InvoiceServiceTests.MarkRefunded_RejectsPendingInvoice_PerStateMachineSec3_5_3" computerName="MacBook-Pro-2" duration="00:00:00.0012865" startTime="2026-05-21T11:24:54.6291030+02:00" endTime="2026-05-21T11:24:54.6291030+02:00" testType="13cdc9d9-ddb5-4fa4-a97d-d965ccfc6d4b" outcome="Failed" testListId="8c84fa94-04c1-424b-9868-57a2d4851a1d" relativeResultsDirectory="7874166c-0368-4b41-9d55-7bd013ea567f">
      <Output>
        <ErrorInfo>
          <Message>Expected a &lt;System.InvalidOperationException&gt; to be thrown, but no exception was thrown.</Message>
          <StackTrace>   at FluentAssertions.Execution.XUnit2TestFramework.Throw(String message)
   at FluentAssertions.Execution.TestFrameworkProvider.Throw(String message)
   at FluentAssertions.Execution.DefaultAssertionStrategy.HandleFailure(String message)
   at FluentAssertions.Execution.AssertionScope.FailWith(Func`1 failReasonFunc)
   at FluentAssertions.Execution.AssertionScope.FailWith(Func`1 failReasonFunc)
   at FluentAssertions.Execution.AssertionScope.FailWith(String message)
   at FluentAssertions.Specialized.DelegateAssertionsBase`2.ThrowInternal[TException](Exception exception, String because, Object[] becauseArgs)
   at FluentAssertions.Specialized.DelegateAssertions`2.Throw[TException](String because, Object[] becauseArgs)
   at HotelManagement.Tests.Unit.InvoiceServiceTests.MarkRefunded_RejectsPendingInvoice_PerStateMachineSec3_5_3() in /Users/AbdurahmanIbrahem/Desktop/School/HotelManagement/Windows/HotelManagement.Tests/Unit/InvoiceServiceTests.cs:line 116
   at System.RuntimeMethodHandle.InvokeMethod(Object target, Void** arguments, Signature sig, Boolean isConstructor)
   at System.Reflection.MethodBaseInvoker.InvokeWithNoArgs(Object obj, BindingFlags invokeAttr)</StackTrace>
        </ErrorInfo>
      </Output>
    </UnitTestResult>
    <UnitTestResult executionId="81aba4ee-602d-412c-aba6-dd72bde1e233" testId="e7c77035-f4f3-547a-249e-4f82eff55190" testName="HotelManagement.Tests.Unit.AuthServiceTests.Login_IsUsernameCaseInsensitive_PerFR_AUTH_1" computerName="MacBook-Pro-2" duration="00:00:00.0000734" startTime="2026-05-21T11:24:54.5704080+02:00" endTime="2026-05-21T11:24:54.5704080+02:00" testType="13cdc9d9-ddb5-4fa4-a97d-d965ccfc6d4b" outcome="Passed" testListId="8c84fa94-04c1-424b-9868-57a2d4851a1d" relativeResultsDirectory="81aba4ee-602d-412c-aba6-dd72bde1e233" />
    <UnitTestResult executionId="e7c1f58d-e79a-4275-9e0f-826a2a017cda" testId="cd72f574-04fe-536f-70b1-e1acc3e556dc" testName="HotelManagement.Tests.Unit.InvoiceServiceTests.GenerateInvoice_ExcludesCancelledOrderLines_PerFR_INV_1" computerName="MacBook-Pro-2" duration="00:00:00.0545602" startTime="2026-05-21T11:24:54.6067720+02:00" endTime="2026-05-21T11:24:54.6067720+02:00" testType="13cdc9d9-ddb5-4fa4-a97d-d965ccfc6d4b" outcome="Failed" testListId="8c84fa94-04c1-424b-9868-57a2d4851a1d" relativeResultsDirectory="e7c1f58d-e79a-4275-9e0f-826a2a017cda">
      <Output>
        <ErrorInfo>
          <Message>Expected inv.Lines.Where(l =&gt; l.Category == InvoiceLineCategory.RestaurantCharge).Sum(l =&gt; l.Quantity) to be 1 because only the non-cancelled order's lines are billed, but found 4.</Message>
          <StackTrace>   at FluentAssertions.Execution.XUnit2TestFramework.Throw(String message)
   at FluentAssertions.Execution.TestFrameworkProvider.Throw(String message)
   at FluentAssertions.Execution.DefaultAssertionStrategy.HandleFailure(String message)
   at FluentAssertions.Execution.AssertionScope.FailWith(Func`1 failReasonFunc)
   at FluentAssertions.Execution.AssertionScope.FailWith(Func`1 failReasonFunc)
   at FluentAssertions.Execution.AssertionScope.FailWith(String message, Object[] args)
   at FluentAssertions.Numeric.NumericAssertions`2.Be(T expected, String because, Object[] becauseArgs)
   at HotelManagement.Tests.Unit.InvoiceServiceTests.GenerateInvoice_ExcludesCancelledOrderLines_PerFR_INV_1() in /Users/AbdurahmanIbrahem/Desktop/School/HotelManagement/Windows/HotelManagement.Tests/Unit/InvoiceServiceTests.cs:line 49
   at System.RuntimeMethodHandle.InvokeMethod(Object target, Void** arguments, Signature sig, Boolean isConstructor)
   at System.Reflection.MethodBaseInvoker.InvokeWithNoArgs(Object obj, BindingFlags invokeAttr)</StackTrace>
        </ErrorInfo>
      </Output>
    </UnitTestResult>
    <UnitTestResult executionId="0119ed86-b016-4887-94cc-b15a027086f2" testId="985b0b5b-114a-9a68-de41-7a883536730d" testName="HotelManagement.Tests.Unit.ReportServiceTests.GetTopMenuItems_OrdersByQuantityDescending_PerFR_RPT_4" computerName="MacBook-Pro-2" duration="00:00:00.0260715" startTime="2026-05-21T11:24:54.5448190+02:00" endTime="2026-05-21T11:24:54.5448190+02:00" testType="13cdc9d9-ddb5-4fa4-a97d-d965ccfc6d4b" outcome="Passed" testListId="8c84fa94-04c1-424b-9868-57a2d4851a1d" relativeResultsDirectory="0119ed86-b016-4887-94cc-b15a027086f2" />
    <UnitTestResult executionId="20043a80-0313-4f0c-9ae2-8f9086d642a3" testId="f109b07c-b7f5-2cb9-bf86-1c4f908ac7a9" testName="HotelManagement.Tests.Unit.BookingServiceTests.CreateReservation_AllowsOppositeGenderChild_WithoutCertificate_PerFR_RES_10" computerName="MacBook-Pro-2" duration="00:00:00.0002386" startTime="2026-05-21T11:24:54.6380560+02:00" endTime="2026-05-21T11:24:54.6380560+02:00" testType="13cdc9d9-ddb5-4fa4-a97d-d965ccfc6d4b" outcome="Passed" testListId="8c84fa94-04c1-424b-9868-57a2d4851a1d" relativeResultsDirectory="20043a80-0313-4f0c-9ae2-8f9086d642a3" />
    <UnitTestResult executionId="cc7397c9-d524-417b-97d8-0f5185e69d6f" testId="a7bd385b-966e-a291-0836-436087f5aa88" testName="HotelManagement.Tests.Unit.UserServiceTests.AddUser_RejectsDuplicateUsername" computerName="MacBook-Pro-2" duration="00:00:00.0006912" startTime="2026-05-21T11:24:54.5709690+02:00" endTime="2026-05-21T11:24:54.5709690+02:00" testType="13cdc9d9-ddb5-4fa4-a97d-d965ccfc6d4b" outcome="Passed" testListId="8c84fa94-04c1-424b-9868-57a2d4851a1d" relativeResultsDirectory="cc7397c9-d524-417b-97d8-0f5185e69d6f" />
    <UnitTestResult executionId="69b938d0-a901-48b3-9c5f-0e3ea6fc5119" testId="71bc4721-2252-7121-72eb-040e72e8c536" testName="HotelManagement.Tests.Unit.BookingServiceTests.CreateReservation_StoresAsConfirmed_PerFR_RES_2" computerName="MacBook-Pro-2" duration="00:00:00.0004805" startTime="2026-05-21T11:24:54.6384090+02:00" endTime="2026-05-21T11:24:54.6384090+02:00" testType="13cdc9d9-ddb5-4fa4-a97d-d965ccfc6d4b" outcome="Passed" testListId="8c84fa94-04c1-424b-9868-57a2d4851a1d" relativeResultsDirectory="69b938d0-a901-48b3-9c5f-0e3ea6fc5119" />
    <UnitTestResult executionId="c32420b0-fc87-419f-b1c4-696a740e8b69" testId="c7b6ca26-7d2a-5890-b58f-f41b832b57df" testName="HotelManagement.Tests.Unit.BookingServiceTests.CheckOut_ChargesAtLeastOneNight_PerFR_RES_5" computerName="MacBook-Pro-2" duration="00:00:00.0013249" startTime="2026-05-21T11:24:54.6083320+02:00" endTime="2026-05-21T11:24:54.6083320+02:00" testType="13cdc9d9-ddb5-4fa4-a97d-d965ccfc6d4b" outcome="Passed" testListId="8c84fa94-04c1-424b-9868-57a2d4851a1d" relativeResultsDirectory="c32420b0-fc87-419f-b1c4-696a740e8b69" />
    <UnitTestResult executionId="07d74f0f-410c-42f2-afbd-efb44361ca7f" testId="4e10dbd3-a31a-3d12-4a55-8ae4354e728a" testName="HotelManagement.Tests.Unit.UserServiceTests.RemoveRole_RemovesUnassignedNonSystemRole" computerName="MacBook-Pro-2" duration="00:00:00.0003806" startTime="2026-05-21T11:24:54.5713880+02:00" endTime="2026-05-21T11:24:54.5713880+02:00" testType="13cdc9d9-ddb5-4fa4-a97d-d965ccfc6d4b" outcome="Passed" testListId="8c84fa94-04c1-424b-9868-57a2d4851a1d" relativeResultsDirectory="07d74f0f-410c-42f2-afbd-efb44361ca7f" />
    <UnitTestResult executionId="3f3420c1-e609-4af9-8dab-6ae7033c9cb9" testId="7d0e3107-59e2-9341-0edb-929aaeff6e1f" testName="HotelManagement.Tests.Unit.UserServiceTests.AddRole_RejectsDuplicateName" computerName="MacBook-Pro-2" duration="00:00:00.0003211" startTime="2026-05-21T11:24:54.5710340+02:00" endTime="2026-05-21T11:24:54.5710340+02:00" testType="13cdc9d9-ddb5-4fa4-a97d-d965ccfc6d4b" outcome="Passed" testListId="8c84fa94-04c1-424b-9868-57a2d4851a1d" relativeResultsDirectory="3f3420c1-e609-4af9-8dab-6ae7033c9cb9" />
    <UnitTestResult executionId="0bdfe799-61b6-4021-8f3e-cc334c69ba1f" testId="89f5c245-69bd-9b4b-274a-901cba00c397" testName="HotelManagement.Tests.Integration.RestaurantAndInvoiceIntegrationTests.RefundFlow_RevertsPaidInvoice_PerFR_INV_6" computerName="MacBook-Pro-2" duration="00:00:00.0001225" startTime="2026-05-21T11:24:54.6109910+02:00" endTime="2026-05-21T11:24:54.6109910+02:00" testType="13cdc9d9-ddb5-4fa4-a97d-d965ccfc6d4b" outcome="Passed" testListId="8c84fa94-04c1-424b-9868-57a2d4851a1d" relativeResultsDirectory="0bdfe799-61b6-4021-8f3e-cc334c69ba1f" />
    <UnitTestResult executionId="9be8d24d-85ea-4e30-a3ae-9893646ca6b5" testId="e689d80b-85d8-3667-8345-32cbdfadfb97" testName="HotelManagement.Tests.Unit.RestaurantServiceTests.AddLinesToOrder_NoOp_WhenOrderServed" computerName="MacBook-Pro-2" duration="00:00:00.0001906" startTime="2026-05-21T11:24:54.5689490+02:00" endTime="2026-05-21T11:24:54.5689490+02:00" testType="13cdc9d9-ddb5-4fa4-a97d-d965ccfc6d4b" outcome="Passed" testListId="8c84fa94-04c1-424b-9868-57a2d4851a1d" relativeResultsDirectory="9be8d24d-85ea-4e30-a3ae-9893646ca6b5" />
    <UnitTestResult executionId="ca57980c-7da3-465c-89a2-cbce3bf5a229" testId="fa7e2321-f85c-0dd0-1b2e-b763262c4b6a" testName="HotelManagement.Tests.Unit.AuthServiceTests.Login_ReturnsFalse_WhenPasswordIsNull" computerName="MacBook-Pro-2" duration="00:00:00.0016143" startTime="2026-05-21T11:24:54.5698420+02:00" endTime="2026-05-21T11:24:54.5698420+02:00" testType="13cdc9d9-ddb5-4fa4-a97d-d965ccfc6d4b" outcome="Passed" testListId="8c84fa94-04c1-424b-9868-57a2d4851a1d" relativeResultsDirectory="ca57980c-7da3-465c-89a2-cbce3bf5a229" />
    <UnitTestResult executionId="09ac2db4-3e3f-4b78-81d4-6fabb0605bc0" testId="785ec315-1324-d0fe-712b-64f1f1858194" testName="HotelManagement.Tests.Unit.AuthServiceTests.Can_ReturnsFalseForRevokedPermission_OnStaff" computerName="MacBook-Pro-2" duration="00:00:00.0001517" startTime="2026-05-21T11:24:54.5702050+02:00" endTime="2026-05-21T11:24:54.5702050+02:00" testType="13cdc9d9-ddb5-4fa4-a97d-d965ccfc6d4b" outcome="Passed" testListId="8c84fa94-04c1-424b-9868-57a2d4851a1d" relativeResultsDirectory="09ac2db4-3e3f-4b78-81d4-6fabb0605bc0" />
    <UnitTestResult executionId="c3331a3c-ecd8-46c0-adfd-43237b7ea5a1" testId="eb9aeb84-d253-3c2d-e864-f0d04ba36ee8" testName="HotelManagement.Tests.Unit.UserServiceTests.RemoveUser_RejectsSelfRemoval_PerFR_USR_7" computerName="MacBook-Pro-2" duration="00:00:00.0048975" startTime="2026-05-21T11:24:54.6076490+02:00" endTime="2026-05-21T11:24:54.6076490+02:00" testType="13cdc9d9-ddb5-4fa4-a97d-d965ccfc6d4b" outcome="Passed" testListId="8c84fa94-04c1-424b-9868-57a2d4851a1d" relativeResultsDirectory="c3331a3c-ecd8-46c0-adfd-43237b7ea5a1" />
    <UnitTestResult executionId="93682ee2-6e0e-4b04-af85-20e60804cf17" testId="8bcd1d0d-1876-8316-8297-879a1256b18e" testName="HotelManagement.Tests.Unit.ReportServiceTests.GetAverageStayDuration_ReturnsZero_WhenNoCheckedOutStays" computerName="MacBook-Pro-2" duration="00:00:00.0032808" startTime="2026-05-21T11:24:54.5699150+02:00" endTime="2026-05-21T11:24:54.5699150+02:00" testType="13cdc9d9-ddb5-4fa4-a97d-d965ccfc6d4b" outcome="Passed" testListId="8c84fa94-04c1-424b-9868-57a2d4851a1d" relativeResultsDirectory="93682ee2-6e0e-4b04-af85-20e60804cf17" />
    <UnitTestResult executionId="a66fa975-ca61-41d6-9eb6-cb5bcfcc8546" testId="32e39f95-c451-ab63-b56c-fc93272e0a6a" testName="HotelManagement.Tests.Unit.ReportServiceTests.GetOccupancyRate_ReflectsOccupiedShare_PerFR_RPT_1" computerName="MacBook-Pro-2" duration="00:00:00.0010754" startTime="2026-05-21T11:24:54.5701390+02:00" endTime="2026-05-21T11:24:54.5701390+02:00" testType="13cdc9d9-ddb5-4fa4-a97d-d965ccfc6d4b" outcome="Passed" testListId="8c84fa94-04c1-424b-9868-57a2d4851a1d" relativeResultsDirectory="a66fa975-ca61-41d6-9eb6-cb5bcfcc8546" />
    <UnitTestResult executionId="dd973a86-7c2f-4d94-940c-9b741f1486cb" testId="58eb4d46-8794-9bf3-2e45-64980a20c6ce" testName="HotelManagement.Tests.Unit.AuthServiceTests.Login_RejectsUnknownUsername" computerName="MacBook-Pro-2" duration="00:00:00.0000606" startTime="2026-05-21T11:24:54.5702490+02:00" endTime="2026-05-21T11:24:54.5702490+02:00" testType="13cdc9d9-ddb5-4fa4-a97d-d965ccfc6d4b" outcome="Passed" testListId="8c84fa94-04c1-424b-9868-57a2d4851a1d" relativeResultsDirectory="dd973a86-7c2f-4d94-940c-9b741f1486cb" />
    <UnitTestResult executionId="bbbd7df6-8362-4d9c-9afb-553e8cde068e" testId="44212f72-73c0-879f-38e8-58472320b3ee" testName="HotelManagement.Tests.Unit.AuthServiceTests.Login_AcceptsValidStaffCredentials" computerName="MacBook-Pro-2" duration="00:00:00.0001027" startTime="2026-05-21T11:24:54.5698940+02:00" endTime="2026-05-21T11:24:54.5698940+02:00" testType="13cdc9d9-ddb5-4fa4-a97d-d965ccfc6d4b" outcome="Passed" testListId="8c84fa94-04c1-424b-9868-57a2d4851a1d" relativeResultsDirectory="bbbd7df6-8362-4d9c-9afb-553e8cde068e" />
    <UnitTestResult executionId="b858255f-e316-41bf-8dfd-e82a0f08471c" testId="b55adcb0-bf01-ab24-4ec5-257bfa2a65e1" testName="HotelManagement.Tests.Unit.InvoiceServiceTests.GetTotalRevenue_SumsPaidInvoices" computerName="MacBook-Pro-2" duration="00:00:00.0001536" startTime="2026-05-21T11:24:54.6341770+02:00" endTime="2026-05-21T11:24:54.6341770+02:00" testType="13cdc9d9-ddb5-4fa4-a97d-d965ccfc6d4b" outcome="Passed" testListId="8c84fa94-04c1-424b-9868-57a2d4851a1d" relativeResultsDirectory="b858255f-e316-41bf-8dfd-e82a0f08471c" />
    <UnitTestResult executionId="89349b2d-5f78-45b1-a0e2-8669830dd6f7" testId="a9acd8e2-6842-2327-01c4-31c0691ab6f0" testName="HotelManagement.Tests.Unit.RoomServiceTests.RoomCapacity_MatchesSRS_FR_ROOM_10" computerName="MacBook-Pro-2" duration="00:00:00.0003869" startTime="2026-05-21T11:24:54.5705430+02:00" endTime="2026-05-21T11:24:54.5705430+02:00" testType="13cdc9d9-ddb5-4fa4-a97d-d965ccfc6d4b" outcome="Passed" testListId="8c84fa94-04c1-424b-9868-57a2d4851a1d" relativeResultsDirectory="89349b2d-5f78-45b1-a0e2-8669830dd6f7" />
    <UnitTestResult executionId="247578d3-4a45-4e38-bee4-f1e72867fc92" testId="e1134d42-219d-0731-c162-7015c1f6261d" testName="HotelManagement.Tests.Unit.InvoiceServiceTests.GetUnpaidInvoices_ReturnsOnlyPending_PerFR_INV_7" computerName="MacBook-Pro-2" duration="00:00:00.0006769" startTime="2026-05-21T11:24:54.6090610+02:00" endTime="2026-05-21T11:24:54.6090610+02:00" testType="13cdc9d9-ddb5-4fa4-a97d-d965ccfc6d4b" outcome="Passed" testListId="8c84fa94-04c1-424b-9868-57a2d4851a1d" relativeResultsDirectory="247578d3-4a45-4e38-bee4-f1e72867fc92" />
    <UnitTestResult executionId="5d0a967f-ae9b-4f2c-a672-882beef970ae" testId="0801ac99-6264-44c7-377f-59e95ce11700" testName="HotelManagement.Tests.Unit.RestaurantServiceTests.CancelOrder_AllowedFromPreparing_PerFR_RST_7" computerName="MacBook-Pro-2" duration="00:00:00.0002371" startTime="2026-05-21T11:24:54.6116810+02:00" endTime="2026-05-21T11:24:54.6116810+02:00" testType="13cdc9d9-ddb5-4fa4-a97d-d965ccfc6d4b" outcome="Passed" testListId="8c84fa94-04c1-424b-9868-57a2d4851a1d" relativeResultsDirectory="5d0a967f-ae9b-4f2c-a672-882beef970ae" />
    <UnitTestResult executionId="73df9b40-1e0f-4e7d-b3de-a5a4f363ae86" testId="bf1c01da-e464-aa9e-fb9c-bf8f896950ab" testName="HotelManagement.Tests.Unit.InvoiceServiceTests.InvoiceTaxArithmetic_Is10Percent_PerCON_6" computerName="MacBook-Pro-2" duration="00:00:00.0002189" startTime="2026-05-21T11:24:54.6086340+02:00" endTime="2026-05-21T11:24:54.6086340+02:00" testType="13cdc9d9-ddb5-4fa4-a97d-d965ccfc6d4b" outcome="Passed" testListId="8c84fa94-04c1-424b-9868-57a2d4851a1d" relativeResultsDirectory="73df9b40-1e0f-4e7d-b3de-a5a4f363ae86" />
    <UnitTestResult executionId="bffe1966-1e02-4668-b982-e5967d37541c" testId="cb0542c5-723b-3f41-b68f-81c2d3a7296e" testName="HotelManagement.Tests.Unit.RoomServiceTests.GetAvailableRooms_ExcludesOutOfService" computerName="MacBook-Pro-2" duration="00:00:00.0010709" startTime="2026-05-21T11:24:54.5705210+02:00" endTime="2026-05-21T11:24:54.5705210+02:00" testType="13cdc9d9-ddb5-4fa4-a97d-d965ccfc6d4b" outcome="Passed" testListId="8c84fa94-04c1-424b-9868-57a2d4851a1d" relativeResultsDirectory="bffe1966-1e02-4668-b982-e5967d37541c" />
    <UnitTestResult executionId="74558c23-9b64-402b-9a6c-4250a4100220" testId="dd253260-9ada-c60c-9717-46fd7b64f94f" testName="HotelManagement.Tests.Integration.RestaurantAndInvoiceIntegrationTests.DashboardRevenue_AggregatesAcrossPaidInvoices" computerName="MacBook-Pro-2" duration="00:00:00.0054332" startTime="2026-05-21T11:24:54.6085530+02:00" endTime="2026-05-21T11:24:54.6085530+02:00" testType="13cdc9d9-ddb5-4fa4-a97d-d965ccfc6d4b" outcome="Passed" testListId="8c84fa94-04c1-424b-9868-57a2d4851a1d" relativeResultsDirectory="74558c23-9b64-402b-9a6c-4250a4100220" />
    <UnitTestResult executionId="a6ae9603-6d4d-4add-baa4-d607533fb426" testId="9e77bb52-7ce9-0870-1005-bf5d89816721" testName="HotelManagement.Tests.Unit.ReportServiceTests.GetRepeatGuestPercentage_ReflectsSeed_PerFR_RPT_6" computerName="MacBook-Pro-2" duration="00:00:00.0002843" startTime="2026-05-21T11:24:54.5714590+02:00" endTime="2026-05-21T11:24:54.5714590+02:00" testType="13cdc9d9-ddb5-4fa4-a97d-d965ccfc6d4b" outcome="Passed" testListId="8c84fa94-04c1-424b-9868-57a2d4851a1d" relativeResultsDirectory="a6ae9603-6d4d-4add-baa4-d607533fb426" />
    <UnitTestResult executionId="ff8103fb-2bd5-4ff6-b754-bc0c9f1ae038" testId="f528b7e4-0a8a-2de6-10dd-33b4c515971d" testName="HotelManagement.Tests.Unit.ReportServiceTests.GetRestaurantRevenueByCategory_AggregatesAcrossOrders_PerFR_RPT_3" computerName="MacBook-Pro-2" duration="00:00:00.0124505" startTime="2026-05-21T11:24:54.5714100+02:00" endTime="2026-05-21T11:24:54.5714100+02:00" testType="13cdc9d9-ddb5-4fa4-a97d-d965ccfc6d4b" outcome="Passed" testListId="8c84fa94-04c1-424b-9868-57a2d4851a1d" relativeResultsDirectory="ff8103fb-2bd5-4ff6-b754-bc0c9f1ae038" />
    <UnitTestResult executionId="5c4db992-748e-4a83-9900-6818e1cb5e31" testId="45379a80-0f4a-98d3-0a94-6233116f1104" testName="HotelManagement.Tests.Unit.UserServiceTests.RemoveRole_RejectsAssignedRole_PerFR_USR_8" computerName="MacBook-Pro-2" duration="00:00:00.0355135" startTime="2026-05-21T11:24:54.5705660+02:00" endTime="2026-05-21T11:24:54.5705660+02:00" testType="13cdc9d9-ddb5-4fa4-a97d-d965ccfc6d4b" outcome="Passed" testListId="8c84fa94-04c1-424b-9868-57a2d4851a1d" relativeResultsDirectory="5c4db992-748e-4a83-9900-6818e1cb5e31" />
    <UnitTestResult executionId="b5f517c3-14bd-4195-a58c-6b521dc90d5a" testId="6fce89c4-9afe-1bca-8b8f-e66a699b85c8" testName="HotelManagement.Tests.Unit.RestaurantServiceTests.AdvanceOrderStatus_FollowsLegalStateMachine_PerFR_RST_6" computerName="MacBook-Pro-2" duration="00:00:00.0021078" startTime="2026-05-21T11:24:54.5689170+02:00" endTime="2026-05-21T11:24:54.5689170+02:00" testType="13cdc9d9-ddb5-4fa4-a97d-d965ccfc6d4b" outcome="Passed" testListId="8c84fa94-04c1-424b-9868-57a2d4851a1d" relativeResultsDirectory="b5f517c3-14bd-4195-a58c-6b521dc90d5a" />
    <UnitTestResult executionId="b2dd4c1e-b57a-48fb-a7b5-3eef75e84c93" testId="831de47e-8fca-7004-b7ff-0b65b5d36908" testName="HotelManagement.Tests.Integration.ReservationLifecycleIntegrationTests.CheckedOutStay_DoesNotAppearInActiveList" computerName="MacBook-Pro-2" duration="00:00:00.0004781" startTime="2026-05-21T11:24:54.6085880+02:00" endTime="2026-05-21T11:24:54.6085880+02:00" testType="13cdc9d9-ddb5-4fa4-a97d-d965ccfc6d4b" outcome="Passed" testListId="8c84fa94-04c1-424b-9868-57a2d4851a1d" relativeResultsDirectory="b2dd4c1e-b57a-48fb-a7b5-3eef75e84c93" />
    <UnitTestResult executionId="740147b7-27c8-462f-a823-b838cd65ffb7" testId="cdb7d138-0ceb-85d2-dbb1-be5ddf9a4660" testName="HotelManagement.Tests.Unit.RestaurantServiceTests.CreateOrder_StoresOrderInPlacedState_PerFR_RST_6" computerName="MacBook-Pro-2" duration="00:00:00.0002214" startTime="2026-05-21T11:24:54.6255740+02:00" endTime="2026-05-21T11:24:54.6255740+02:00" testType="13cdc9d9-ddb5-4fa4-a97d-d965ccfc6d4b" outcome="Passed" testListId="8c84fa94-04c1-424b-9868-57a2d4851a1d" relativeResultsDirectory="740147b7-27c8-462f-a823-b838cd65ffb7" />
    <UnitTestResult executionId="7bd63a8f-878a-46ee-9459-9af1e1d55aa4" testId="2fa14d4f-3c14-a2a7-a556-7933b943b66f" testName="HotelManagement.Tests.Unit.InvoiceServiceTests.GenerateInvoice_DefaultsToPending_PerFR_INV_4" computerName="MacBook-Pro-2" duration="00:00:00.0010856" startTime="2026-05-21T11:24:54.5689390+02:00" endTime="2026-05-21T11:24:54.5689390+02:00" testType="13cdc9d9-ddb5-4fa4-a97d-d965ccfc6d4b" outcome="Passed" testListId="8c84fa94-04c1-424b-9868-57a2d4851a1d" relativeResultsDirectory="7bd63a8f-878a-46ee-9459-9af1e1d55aa4" />
    <UnitTestResult executionId="2e287233-1c75-4ca2-8b7e-9f7a48f4c385" testId="c2bf8a16-b4ca-7674-bcd9-07008483286b" testName="HotelManagement.Tests.Unit.BookingServiceTests.CreateReservation_RejectsZeroNightStay_PerDC_2" computerName="MacBook-Pro-2" duration="00:00:00.0006219" startTime="2026-05-21T11:24:54.6359470+02:00" endTime="2026-05-21T11:24:54.6359470+02:00" testType="13cdc9d9-ddb5-4fa4-a97d-d965ccfc6d4b" outcome="Failed" testListId="8c84fa94-04c1-424b-9868-57a2d4851a1d" relativeResultsDirectory="2e287233-1c75-4ca2-8b7e-9f7a48f4c385">
      <Output>
        <ErrorInfo>
          <Message>Expected a &lt;System.ArgumentException&gt; to be thrown, but no exception was thrown.</Message>
          <StackTrace>   at FluentAssertions.Execution.XUnit2TestFramework.Throw(String message)
   at FluentAssertions.Execution.TestFrameworkProvider.Throw(String message)
   at FluentAssertions.Execution.DefaultAssertionStrategy.HandleFailure(String message)
   at FluentAssertions.Execution.AssertionScope.FailWith(Func`1 failReasonFunc)
   at FluentAssertions.Execution.AssertionScope.FailWith(Func`1 failReasonFunc)
   at FluentAssertions.Execution.AssertionScope.FailWith(String message)
   at FluentAssertions.Specialized.DelegateAssertionsBase`2.ThrowInternal[TException](Exception exception, String because, Object[] becauseArgs)
   at FluentAssertions.Specialized.DelegateAssertions`2.Throw[TException](String because, Object[] becauseArgs)
   at HotelManagement.Tests.Unit.BookingServiceTests.CreateReservation_RejectsZeroNightStay_PerDC_2() in /Users/AbdurahmanIbrahem/Desktop/School/HotelManagement/Windows/HotelManagement.Tests/Unit/BookingServiceTests.cs:line 47
   at System.RuntimeMethodHandle.InvokeMethod(Object target, Void** arguments, Signature sig, Boolean isConstructor)
   at System.Reflection.MethodBaseInvoker.InvokeWithNoArgs(Object obj, BindingFlags invokeAttr)</StackTrace>
        </ErrorInfo>
      </Output>
    </UnitTestResult>
    <UnitTestResult executionId="df9c3588-dcc3-48fc-99d9-e30ebbf908ea" testId="0e58f945-f380-94c2-f2d0-b6a01acd0b52" testName="HotelManagement.Tests.Unit.BookingServiceTests.CheckOut_AggregatesNonCancelledRestaurantCharges_PerFR_RES_5" computerName="MacBook-Pro-2" duration="00:00:00.0006013" startTime="2026-05-21T11:24:54.6268940+02:00" endTime="2026-05-21T11:24:54.6268940+02:00" testType="13cdc9d9-ddb5-4fa4-a97d-d965ccfc6d4b" outcome="Failed" testListId="8c84fa94-04c1-424b-9868-57a2d4851a1d" relativeResultsDirectory="df9c3588-dcc3-48fc-99d9-e30ebbf908ea">
      <Output>
        <ErrorInfo>
          <Message>Expected stay.RestaurantCharges to be 45.96M because cancelled orders must be excluded per FR-RES-5, but found 110.91M (difference of 64.95).</Message>
          <StackTrace>   at FluentAssertions.Execution.XUnit2TestFramework.Throw(String message)
   at FluentAssertions.Execution.TestFrameworkProvider.Throw(String message)
   at FluentAssertions.Execution.DefaultAssertionStrategy.HandleFailure(String message)
   at FluentAssertions.Execution.AssertionScope.FailWith(Func`1 failReasonFunc)
   at FluentAssertions.Execution.AssertionScope.FailWith(Func`1 failReasonFunc)
   at FluentAssertions.Execution.AssertionScope.FailWith(String message, Object[] args)
   at FluentAssertions.Numeric.NumericAssertions`2.Be(T expected, String because, Object[] becauseArgs)
   at HotelManagement.Tests.Unit.BookingServiceTests.CheckOut_AggregatesNonCancelledRestaurantCharges_PerFR_RES_5() in /Users/AbdurahmanIbrahem/Desktop/School/HotelManagement/Windows/HotelManagement.Tests/Unit/BookingServiceTests.cs:line 244
   at System.RuntimeMethodHandle.InvokeMethod(Object target, Void** arguments, Signature sig, Boolean isConstructor)
   at System.Reflection.MethodBaseInvoker.InvokeWithNoArgs(Object obj, BindingFlags invokeAttr)</StackTrace>
        </ErrorInfo>
      </Output>
    </UnitTestResult>
    <UnitTestResult executionId="f60a07cf-d41f-4f16-9edb-4d2a45cf3b81" testId="6e903475-2eee-c0e8-80e8-c54e373ad168" testName="HotelManagement.Tests.Unit.RoomServiceTests.RemoveRoom_RejectsOccupiedRoom_PerFR_ROOM_4" computerName="MacBook-Pro-2" duration="00:00:00.0003462" startTime="2026-05-21T11:24:54.6114450+02:00" endTime="2026-05-21T11:24:54.6114450+02:00" testType="13cdc9d9-ddb5-4fa4-a97d-d965ccfc6d4b" outcome="Passed" testListId="8c84fa94-04c1-424b-9868-57a2d4851a1d" relativeResultsDirectory="f60a07cf-d41f-4f16-9edb-4d2a45cf3b81" />
    <UnitTestResult executionId="c9ea1413-90df-4127-ad81-d129e2cf44c9" testId="b2d12cab-2ae6-fd85-1013-bfde97db424e" testName="HotelManagement.Tests.Unit.RoomServiceTests.AddRoom_RejectsNegativeFloor" computerName="MacBook-Pro-2" duration="00:00:00.0006102" startTime="2026-05-21T11:24:54.6119070+02:00" endTime="2026-05-21T11:24:54.6119070+02:00" testType="13cdc9d9-ddb5-4fa4-a97d-d965ccfc6d4b" outcome="Failed" testListId="8c84fa94-04c1-424b-9868-57a2d4851a1d" relativeResultsDirectory="c9ea1413-90df-4127-ad81-d129e2cf44c9">
      <Output>
        <ErrorInfo>
          <Message>Expected a &lt;System.ArgumentException&gt; to be thrown, but no exception was thrown.</Message>
          <StackTrace>   at FluentAssertions.Execution.XUnit2TestFramework.Throw(String message)
   at FluentAssertions.Execution.TestFrameworkProvider.Throw(String message)
   at FluentAssertions.Execution.DefaultAssertionStrategy.HandleFailure(String message)
   at FluentAssertions.Execution.AssertionScope.FailWith(Func`1 failReasonFunc)
   at FluentAssertions.Execution.AssertionScope.FailWith(Func`1 failReasonFunc)
   at FluentAssertions.Execution.AssertionScope.FailWith(String message)
   at FluentAssertions.Specialized.DelegateAssertionsBase`2.ThrowInternal[TException](Exception exception, String because, Object[] becauseArgs)
   at FluentAssertions.Specialized.DelegateAssertions`2.Throw[TException](String because, Object[] becauseArgs)
   at HotelManagement.Tests.Unit.RoomServiceTests.AddRoom_RejectsNegativeFloor() in /Users/AbdurahmanIbrahem/Desktop/School/HotelManagement/Windows/HotelManagement.Tests/Unit/RoomServiceTests.cs:line 83
   at System.RuntimeMethodHandle.InvokeMethod(Object target, Void** arguments, Signature sig, Boolean isConstructor)
   at System.Reflection.MethodBaseInvoker.InvokeWithNoArgs(Object obj, BindingFlags invokeAttr)</StackTrace>
        </ErrorInfo>
      </Output>
    </UnitTestResult>
    <UnitTestResult executionId="83608e6e-b1a1-43de-bbe8-743ae47cc515" testId="d9b30d50-9537-0949-6ce6-fb1b2e1038ef" testName="HotelManagement.Tests.Unit.UserServiceTests.AddUser_RejectsBlankUsername" computerName="MacBook-Pro-2" duration="00:00:00.0002999" startTime="2026-05-21T11:24:54.5712980+02:00" endTime="2026-05-21T11:24:54.5712980+02:00" testType="13cdc9d9-ddb5-4fa4-a97d-d965ccfc6d4b" outcome="Passed" testListId="8c84fa94-04c1-424b-9868-57a2d4851a1d" relativeResultsDirectory="83608e6e-b1a1-43de-bbe8-743ae47cc515" />
    <UnitTestResult executionId="b44af399-0cf7-4135-a91b-185258705369" testId="e66434b7-0190-fa10-c8f4-a06beb20e8c5" testName="HotelManagement.Tests.Unit.BookingServiceTests.CreateReservation_RequiresMarriageCertificate_WhenMixedGenderAdults_PerFR_RES_10" computerName="MacBook-Pro-2" duration="00:00:00.0024968" startTime="2026-05-21T11:24:54.6383560+02:00" endTime="2026-05-21T11:24:54.6383560+02:00" testType="13cdc9d9-ddb5-4fa4-a97d-d965ccfc6d4b" outcome="Failed" testListId="8c84fa94-04c1-424b-9868-57a2d4851a1d" relativeResultsDirectory="b44af399-0cf7-4135-a91b-185258705369">
      <Output>
        <ErrorInfo>
          <Message>Expected a &lt;System.InvalidOperationException&gt; to be thrown, but no exception was thrown.</Message>
          <StackTrace>   at FluentAssertions.Execution.XUnit2TestFramework.Throw(String message)
   at FluentAssertions.Execution.TestFrameworkProvider.Throw(String message)
   at FluentAssertions.Execution.DefaultAssertionStrategy.HandleFailure(String message)
   at FluentAssertions.Execution.AssertionScope.FailWith(Func`1 failReasonFunc)
   at FluentAssertions.Execution.AssertionScope.FailWith(Func`1 failReasonFunc)
   at FluentAssertions.Execution.AssertionScope.FailWith(String message)
   at FluentAssertions.Specialized.DelegateAssertionsBase`2.ThrowInternal[TException](Exception exception, String because, Object[] becauseArgs)
   at FluentAssertions.Specialized.DelegateAssertions`2.Throw[TException](String because, Object[] becauseArgs)
   at HotelManagement.Tests.Unit.BookingServiceTests.CreateReservation_RequiresMarriageCertificate_WhenMixedGenderAdults_PerFR_RES_10() in /Users/AbdurahmanIbrahem/Desktop/School/HotelManagement/Windows/HotelManagement.Tests/Unit/BookingServiceTests.cs:line 87
   at System.RuntimeMethodHandle.InvokeMethod(Object target, Void** arguments, Signature sig, Boolean isConstructor)
   at System.Reflection.MethodBaseInvoker.InvokeWithNoArgs(Object obj, BindingFlags invokeAttr)</StackTrace>
        </ErrorInfo>
      </Output>
    </UnitTestResult>
    <UnitTestResult executionId="bd08c3b0-335d-49f5-a301-0c3e34aa84b7" testId="4a65892f-5e55-8968-7101-1cef7815e20f" testName="HotelManagement.Tests.Unit.BookingServiceTests.CheckOut_TransitionsStay_AndRoomCondition_PerFR_RES_5_AndFR_ROOM_8" computerName="MacBook-Pro-2" duration="00:00:00.0005098" startTime="2026-05-21T11:24:54.6362060+02:00" endTime="2026-05-21T11:24:54.6362060+02:00" testType="13cdc9d9-ddb5-4fa4-a97d-d965ccfc6d4b" outcome="Passed" testListId="8c84fa94-04c1-424b-9868-57a2d4851a1d" relativeResultsDirectory="bd08c3b0-335d-49f5-a301-0c3e34aa84b7" />
    <UnitTestResult executionId="80a2350c-6bcd-4648-9105-3501050e2dd5" testId="ecbd9e0a-fba4-72ec-5173-8719cb991de9" testName="HotelManagement.Tests.Unit.BookingServiceTests.CheckIn_RejectsCancelledReservation" computerName="MacBook-Pro-2" duration="00:00:00.0568523" startTime="2026-05-21T11:24:54.6072030+02:00" endTime="2026-05-21T11:24:54.6072030+02:00" testType="13cdc9d9-ddb5-4fa4-a97d-d965ccfc6d4b" outcome="Failed" testListId="8c84fa94-04c1-424b-9868-57a2d4851a1d" relativeResultsDirectory="80a2350c-6bcd-4648-9105-3501050e2dd5">
      <Output>
        <ErrorInfo>
          <Message>Expected a &lt;System.InvalidOperationException&gt; to be thrown, but no exception was thrown.</Message>
          <StackTrace>   at FluentAssertions.Execution.XUnit2TestFramework.Throw(String message)
   at FluentAssertions.Execution.TestFrameworkProvider.Throw(String message)
   at FluentAssertions.Execution.DefaultAssertionStrategy.HandleFailure(String message)
   at FluentAssertions.Execution.AssertionScope.FailWith(Func`1 failReasonFunc)
   at FluentAssertions.Execution.AssertionScope.FailWith(Func`1 failReasonFunc)
   at FluentAssertions.Execution.AssertionScope.FailWith(String message)
   at FluentAssertions.Specialized.DelegateAssertionsBase`2.ThrowInternal[TException](Exception exception, String because, Object[] becauseArgs)
   at FluentAssertions.Specialized.DelegateAssertions`2.Throw[TException](String because, Object[] becauseArgs)
   at HotelManagement.Tests.Unit.BookingServiceTests.CheckIn_RejectsCancelledReservation() in /Users/AbdurahmanIbrahem/Desktop/School/HotelManagement/Windows/HotelManagement.Tests/Unit/BookingServiceTests.cs:line 151
   at System.RuntimeMethodHandle.InvokeMethod(Object target, Void** arguments, Signature sig, Boolean isConstructor)
   at System.Reflection.MethodBaseInvoker.InvokeWithNoArgs(Object obj, BindingFlags invokeAttr)</StackTrace>
        </ErrorInfo>
      </Output>
    </UnitTestResult>
    <UnitTestResult executionId="b667d80f-7c11-4304-9906-e816cc569b77" testId="aad167c1-24f9-77bc-e9f6-23729e047682" testName="HotelManagement.Tests.Unit.InvoiceServiceTests.MarkPaid_TransitionsAndRecordsMethod_PerFR_INV_5" computerName="MacBook-Pro-2" duration="00:00:00.0016006" startTime="2026-05-21T11:24:54.6238170+02:00" endTime="2026-05-21T11:24:54.6238170+02:00" testType="13cdc9d9-ddb5-4fa4-a97d-d965ccfc6d4b" outcome="Passed" testListId="8c84fa94-04c1-424b-9868-57a2d4851a1d" relativeResultsDirectory="b667d80f-7c11-4304-9906-e816cc569b77" />
    <UnitTestResult executionId="7c887be9-be81-4b78-bafe-37e5239d3076" testId="f4322a87-eb78-8823-673a-7f68f304fc41" testName="HotelManagement.Tests.Unit.AuthServiceTests.Require_ThrowsUnauthorized_WhenPermissionMissing" computerName="MacBook-Pro-2" duration="00:00:00.0028566" startTime="2026-05-21T11:24:54.5701840+02:00" endTime="2026-05-21T11:24:54.5701840+02:00" testType="13cdc9d9-ddb5-4fa4-a97d-d965ccfc6d4b" outcome="Passed" testListId="8c84fa94-04c1-424b-9868-57a2d4851a1d" relativeResultsDirectory="7c887be9-be81-4b78-bafe-37e5239d3076" />
    <UnitTestResult executionId="8c1aff79-1b9f-449d-972a-4116e64292cc" testId="06b6b249-98d0-5ee0-4f6b-f3e5754ef9f6" testName="HotelManagement.Tests.Unit.UserServiceTests.AddUser_RequiresUsersCreatePermission_PerNFR_SEC_3" computerName="MacBook-Pro-2" duration="00:00:00.0017590" startTime="2026-05-21T11:24:54.5710130+02:00" endTime="2026-05-21T11:24:54.5710130+02:00" testType="13cdc9d9-ddb5-4fa4-a97d-d965ccfc6d4b" outcome="Passed" testListId="8c84fa94-04c1-424b-9868-57a2d4851a1d" relativeResultsDirectory="8c1aff79-1b9f-449d-972a-4116e64292cc" />
    <UnitTestResult executionId="0aba2f09-5a4d-47e6-97f0-9228d3830675" testId="847d1cbf-ce23-ab3b-7889-3e386fc3c04d" testName="HotelManagement.Tests.Unit.RoomServiceTests.RemoveRoom_RemovesVacantCleanRoom" computerName="MacBook-Pro-2" duration="00:00:00.0002018" startTime="2026-05-21T11:24:54.6077210+02:00" endTime="2026-05-21T11:24:54.6077210+02:00" testType="13cdc9d9-ddb5-4fa4-a97d-d965ccfc6d4b" outcome="Passed" testListId="8c84fa94-04c1-424b-9868-57a2d4851a1d" relativeResultsDirectory="0aba2f09-5a4d-47e6-97f0-9228d3830675" />
    <UnitTestResult executionId="6c5ec6b3-e2fe-41cf-963b-f2f6cb70d31f" testId="07bb3911-9ded-fe2a-7752-46be080d1fb8" testName="HotelManagement.Tests.Unit.InvoiceServiceTests.InvoiceTaxArithmetic_RoundsHalfAwayFromZero_PerNFR_REL_3" computerName="MacBook-Pro-2" duration="00:00:00.0000771" startTime="2026-05-21T11:24:54.6342260+02:00" endTime="2026-05-21T11:24:54.6342260+02:00" testType="13cdc9d9-ddb5-4fa4-a97d-d965ccfc6d4b" outcome="Passed" testListId="8c84fa94-04c1-424b-9868-57a2d4851a1d" relativeResultsDirectory="6c5ec6b3-e2fe-41cf-963b-f2f6cb70d31f" />
    <UnitTestResult executionId="623a0e12-164c-4e4f-a2ed-29ca3f05b49b" testId="f44283b6-0cc2-13d2-37f8-30a036d6a1b3" testName="HotelManagement.Tests.Unit.BookingServiceTests.CheckIn_RejectsAlreadyOccupiedRoom_PerFR_ROOM_7" computerName="MacBook-Pro-2" duration="00:00:00.0007580" startTime="2026-05-21T11:24:54.6236860+02:00" endTime="2026-05-21T11:24:54.6236860+02:00" testType="13cdc9d9-ddb5-4fa4-a97d-d965ccfc6d4b" outcome="Failed" testListId="8c84fa94-04c1-424b-9868-57a2d4851a1d" relativeResultsDirectory="623a0e12-164c-4e4f-a2ed-29ca3f05b49b">
      <Output>
        <ErrorInfo>
          <Message>Expected a &lt;System.InvalidOperationException&gt; to be thrown, but no exception was thrown.</Message>
          <StackTrace>   at FluentAssertions.Execution.XUnit2TestFramework.Throw(String message)
   at FluentAssertions.Execution.TestFrameworkProvider.Throw(String message)
   at FluentAssertions.Execution.DefaultAssertionStrategy.HandleFailure(String message)
   at FluentAssertions.Execution.AssertionScope.FailWith(Func`1 failReasonFunc)
   at FluentAssertions.Execution.AssertionScope.FailWith(Func`1 failReasonFunc)
   at FluentAssertions.Execution.AssertionScope.FailWith(String message)
   at FluentAssertions.Specialized.DelegateAssertionsBase`2.ThrowInternal[TException](Exception exception, String because, Object[] becauseArgs)
   at FluentAssertions.Specialized.DelegateAssertions`2.Throw[TException](String because, Object[] becauseArgs)
   at HotelManagement.Tests.Unit.BookingServiceTests.CheckIn_RejectsAlreadyOccupiedRoom_PerFR_ROOM_7() in /Users/AbdurahmanIbrahem/Desktop/School/HotelManagement/Windows/HotelManagement.Tests/Unit/BookingServiceTests.cs:line 171
   at System.RuntimeMethodHandle.InvokeMethod(Object target, Void** arguments, Signature sig, Boolean isConstructor)
   at System.Reflection.MethodBaseInvoker.InvokeWithNoArgs(Object obj, BindingFlags invokeAttr)</StackTrace>
        </ErrorInfo>
      </Output>
    </UnitTestResult>
    <UnitTestResult executionId="c2b5309e-9490-4aad-85d4-3e63c875b996" testId="89e1d5b8-97e3-3afc-e23a-62ea612da393" testName="HotelManagement.Tests.Unit.AuthServiceTests.Logout_ClearsCurrentUser" computerName="MacBook-Pro-2" duration="00:00:00.0001470" startTime="2026-05-21T11:24:54.5699380+02:00" endTime="2026-05-21T11:24:54.5699380+02:00" testType="13cdc9d9-ddb5-4fa4-a97d-d965ccfc6d4b" outcome="Passed" testListId="8c84fa94-04c1-424b-9868-57a2d4851a1d" relativeResultsDirectory="c2b5309e-9490-4aad-85d4-3e63c875b996" />
    <UnitTestResult executionId="776ab495-f196-4e52-b11f-64c6e4f38bbf" testId="11615f8a-7ede-088c-9ab8-c0d069fc6313" testName="HotelManagement.Tests.Unit.ReportServiceTests.GetOccupancyRate_ReturnsZero_WhenNoRooms" computerName="MacBook-Pro-2" duration="00:00:00.0001889" startTime="2026-05-21T11:24:54.5714370+02:00" endTime="2026-05-21T11:24:54.5714370+02:00" testType="13cdc9d9-ddb5-4fa4-a97d-d965ccfc6d4b" outcome="Passed" testListId="8c84fa94-04c1-424b-9868-57a2d4851a1d" relativeResultsDirectory="776ab495-f196-4e52-b11f-64c6e4f38bbf" />
    <UnitTestResult executionId="bb32cb9b-ac67-42b2-aeae-728b0520269f" testId="f06df72b-0150-3d52-3c14-2d55a2b79dd0" testName="HotelManagement.Tests.Unit.BookingServiceTests.CheckIn_SetsReservationToCheckedIn_AndCreatesActiveStay_PerFR_RES_4" computerName="MacBook-Pro-2" duration="00:00:00.0009152" startTime="2026-05-21T11:24:54.6383870+02:00" endTime="2026-05-21T11:24:54.6383870+02:00" testType="13cdc9d9-ddb5-4fa4-a97d-d965ccfc6d4b" outcome="Passed" testListId="8c84fa94-04c1-424b-9868-57a2d4851a1d" relativeResultsDirectory="bb32cb9b-ac67-42b2-aeae-728b0520269f" />
    <UnitTestResult executionId="30f28791-5f15-4b1b-ab6f-41bc374534b8" testId="5ea145c5-661c-189d-147e-fa3995a385b0" testName="HotelManagement.Tests.Unit.RestaurantServiceTests.AddMenuItem_RequiresCreatePermission_PerNFR_SEC_3" computerName="MacBook-Pro-2" duration="00:00:00.0002574" startTime="2026-05-21T11:24:54.6272470+02:00" endTime="2026-05-21T11:24:54.6272470+02:00" testType="13cdc9d9-ddb5-4fa4-a97d-d965ccfc6d4b" outcome="Passed" testListId="8c84fa94-04c1-424b-9868-57a2d4851a1d" relativeResultsDirectory="30f28791-5f15-4b1b-ab6f-41bc374534b8" />
    <UnitTestResult executionId="0bd99270-adbe-4229-a052-de5de286215b" testId="4f5e4fc5-82b3-cf59-7ea3-36ca09f282fd" testName="HotelManagement.Tests.Unit.UserServiceTests.RemoveUser_RejectsLastSystemAdmin_PerFR_USR_7" computerName="MacBook-Pro-2" duration="00:00:00.0358386" startTime="2026-05-21T11:24:54.6057190+02:00" endTime="2026-05-21T11:24:54.6057190+02:00" testType="13cdc9d9-ddb5-4fa4-a97d-d965ccfc6d4b" outcome="Failed" testListId="8c84fa94-04c1-424b-9868-57a2d4851a1d" relativeResultsDirectory="0bd99270-adbe-4229-a052-de5de286215b">
      <Output>
        <ErrorInfo>
          <Message>Expected a &lt;System.InvalidOperationException&gt; to be thrown, but found &lt;System.UnauthorizedAccessException&gt;:
System.UnauthorizedAccessException: Your role does not have permission to Delete on Users.
   at HotelManagement.WinForms.Services.AuthService.Require(PermissionResource resource, PermissionAction action) in /Users/AbdurahmanIbrahem/Desktop/School/HotelManagement/Windows/Services/AuthService.cs:line 42
   at HotelManagement.WinForms.Services.UserService.RemoveUser(User user) in /Users/AbdurahmanIbrahem/Desktop/School/HotelManagement/Windows/Services/UserService.cs:line 58
   at HotelManagement.Tests.Unit.UserServiceTests.&lt;&gt;c__DisplayClass6_0.&lt;RemoveUser_RejectsLastSystemAdmin_PerFR_USR_7&gt;b__1() in /Users/AbdurahmanIbrahem/Desktop/School/HotelManagement/Windows/HotelManagement.Tests/Unit/UserServiceTests.cs:line 94
   at FluentAssertions.Specialized.ActionAssertions.InvokeSubject()
   at FluentAssertions.Specialized.DelegateAssertions`2.InvokeSubjectWithInterception().</Message>
          <StackTrace>   at FluentAssertions.Execution.XUnit2TestFramework.Throw(String message)
   at FluentAssertions.Execution.TestFrameworkProvider.Throw(String message)
   at FluentAssertions.Execution.DefaultAssertionStrategy.HandleFailure(String message)
   at FluentAssertions.Execution.AssertionScope.FailWith(Func`1 failReasonFunc)
   at FluentAssertions.Execution.AssertionScope.FailWith(Func`1 failReasonFunc)
   at FluentAssertions.Execution.AssertionScope.FailWith(String message, Object[] args)
   at FluentAssertions.Specialized.DelegateAssertionsBase`2.ThrowInternal[TException](Exception exception, String because, Object[] becauseArgs)
   at FluentAssertions.Specialized.DelegateAssertions`2.Throw[TException](String because, Object[] becauseArgs)
   at HotelManagement.Tests.Unit.UserServiceTests.RemoveUser_RejectsLastSystemAdmin_PerFR_USR_7() in /Users/AbdurahmanIbrahem/Desktop/School/HotelManagement/Windows/HotelManagement.Tests/Unit/UserServiceTests.cs:line 98
   at System.RuntimeMethodHandle.InvokeMethod(Object target, Void** arguments, Signature sig, Boolean isConstructor)
   at System.Reflection.MethodBaseInvoker.InvokeWithNoArgs(Object obj, BindingFlags invokeAttr)</StackTrace>
        </ErrorInfo>
      </Output>
    </UnitTestResult>
    <UnitTestResult executionId="3692e37f-9ceb-4789-bbb0-e803517b5d81" testId="ae20ec47-7075-e672-3fcc-2e3e235623ce" testName="HotelManagement.Tests.Integration.ReservationLifecycleIntegrationTests.CannotDoubleBookSameRoom_OverlappingDates" computerName="MacBook-Pro-2" duration="00:00:00.0051899" startTime="2026-05-21T11:24:54.6082840+02:00" endTime="2026-05-21T11:24:54.6082840+02:00" testType="13cdc9d9-ddb5-4fa4-a97d-d965ccfc6d4b" outcome="Failed" testListId="8c84fa94-04c1-424b-9868-57a2d4851a1d" relativeResultsDirectory="3692e37f-9ceb-4789-bbb0-e803517b5d81">
      <Output>
        <ErrorInfo>
          <Message>Expected a &lt;System.InvalidOperationException&gt; to be thrown, but no exception was thrown.</Message>
[...]
[xUnit.net 00:00:00.19]            at FluentAssertions.Specialized.DelegateAssertions`2.Throw[TException](String because, Object[] becauseArgs)
[xUnit.net 00:00:00.19]         /Users/AbdurahmanIbrahem/Desktop/School/HotelManagement/Windows/HotelManagement.Tests/Unit/RoomServiceTests.cs(83,0): at HotelManagement.Tests.Unit.RoomServiceTests.AddRoom_RejectsNegativeFloor()
[xUnit.net 00:00:00.19]            at System.RuntimeMethodHandle.InvokeMethod(Object target, Void** arguments, Signature sig, Boolean isConstructor)
[xUnit.net 00:00:00.19]            at System.Reflection.MethodBaseInvoker.InvokeWithNoArgs(Object obj, BindingFlags invokeAttr)
[xUnit.net 00:00:00.20]       Expected a &lt;System.InvalidOperationException&gt; to be thrown, but no exception was thrown.
[xUnit.net 00:00:00.20]       Stack Trace:
[xUnit.net 00:00:00.20]            at FluentAssertions.Execution.XUnit2TestFramework.Throw(String message)
[xUnit.net 00:00:00.20]            at FluentAssertions.Execution.TestFrameworkProvider.Throw(String message)
[xUnit.net 00:00:00.20]            at FluentAssertions.Execution.DefaultAssertionStrategy.HandleFailure(String message)
[xUnit.net 00:00:00.20]            at FluentAssertions.Execution.AssertionScope.FailWith(Func`1 failReasonFunc)
[xUnit.net 00:00:00.20]            at FluentAssertions.Execution.AssertionScope.FailWith(Func`1 failReasonFunc)
[xUnit.net 00:00:00.20]            at FluentAssertions.Execution.AssertionScope.FailWith(String message)
[xUnit.net 00:00:00.20]            at FluentAssertions.Specialized.DelegateAssertionsBase`2.ThrowInternal[TException](Exception exception, String because, Object[] becauseArgs)
[xUnit.net 00:00:00.20]            at FluentAssertions.Specialized.DelegateAssertions`2.Throw[TException](String because, Object[] becauseArgs)
[xUnit.net 00:00:00.20]         /Users/AbdurahmanIbrahem/Desktop/School/HotelManagement/Windows/HotelManagement.Tests/Unit/BookingServiceTests.cs(171,0): at HotelManagement.Tests.Unit.BookingServiceTests.CheckIn_RejectsAlreadyOccupiedRoom_PerFR_ROOM_7()
[xUnit.net 00:00:00.20]            at System.RuntimeMethodHandle.InvokeMethod(Object target, Void** arguments, Signature sig, Boolean isConstructor)
[xUnit.net 00:00:00.20]            at System.Reflection.MethodBaseInvoker.InvokeWithNoArgs(Object obj, BindingFlags invokeAttr)
[xUnit.net 00:00:00.20]       Expected a &lt;System.InvalidOperationException&gt; to be thrown, but no exception was thrown.
[xUnit.net 00:00:00.20]       Stack Trace:
[xUnit.net 00:00:00.20]            at FluentAssertions.Execution.XUnit2TestFramework.Throw(String message)
[xUnit.net 00:00:00.20]            at FluentAssertions.Execution.TestFrameworkProvider.Throw(String message)
[xUnit.net 00:00:00.20]            at FluentAssertions.Execution.DefaultAssertionStrategy.HandleFailure(String message)
[xUnit.net 00:00:00.20]            at FluentAssertions.Execution.AssertionScope.FailWith(Func`1 failReasonFunc)
[xUnit.net 00:00:00.20]            at FluentAssertions.Execution.AssertionScope.FailWith(Func`1 failReasonFunc)
[xUnit.net 00:00:00.20]            at FluentAssertions.Execution.AssertionScope.FailWith(String message)
[xUnit.net 00:00:00.21]            at FluentAssertions.Specialized.DelegateAssertionsBase`2.ThrowInternal[TException](Exception exception, String because, Object[] becauseArgs)
[xUnit.net 00:00:00.21]            at FluentAssertions.Specialized.DelegateAssertions`2.Throw[TException](String because, Object[] becauseArgs)
[xUnit.net 00:00:00.21]         /Users/AbdurahmanIbrahem/Desktop/School/HotelManagement/Windows/HotelManagement.Tests/Unit/BookingServiceTests.cs(67,0): at HotelManagement.Tests.Unit.BookingServiceTests.CreateReservation_RejectsOverCapacityParty_PerFR_RES_9()
[xUnit.net 00:00:00.21]            at System.RuntimeMethodHandle.InvokeMethod(Object target, Void** arguments, Signature sig, Boolean isConstructor)
[xUnit.net 00:00:00.21]            at System.Reflection.MethodBaseInvoker.InvokeWithNoArgs(Object obj, BindingFlags invokeAttr)
[xUnit.net 00:00:00.21]       Expected a &lt;System.ArgumentException&gt; to be thrown, but no exception was thrown.
[xUnit.net 00:00:00.21]       Stack Trace:
[xUnit.net 00:00:00.21]            at FluentAssertions.Execution.XUnit2TestFramework.Throw(String message)
[xUnit.net 00:00:00.21]            at FluentAssertions.Execution.TestFrameworkProvider.Throw(String message)
[xUnit.net 00:00:00.21]            at FluentAssertions.Execution.DefaultAssertionStrategy.HandleFailure(String message)
[xUnit.net 00:00:00.21]            at FluentAssertions.Execution.AssertionScope.FailWith(Func`1 failReasonFunc)
[xUnit.net 00:00:00.21]            at FluentAssertions.Execution.AssertionScope.FailWith(Func`1 failReasonFunc)
[xUnit.net 00:00:00.21]            at FluentAssertions.Execution.AssertionScope.FailWith(String message)
[xUnit.net 00:00:00.21]            at FluentAssertions.Specialized.DelegateAssertionsBase`2.ThrowInternal[TException](Exception exception, String because, Object[] becauseArgs)
[xUnit.net 00:00:00.21]            at FluentAssertions.Specialized.DelegateAssertions`2.Throw[TException](String because, Object[] becauseArgs)
[xUnit.net 00:00:00.21]         /Users/AbdurahmanIbrahem/Desktop/School/HotelManagement/Windows/HotelManagement.Tests/Unit/RestaurantServiceTests.cs(187,0): at HotelManagement.Tests.Unit.RestaurantServiceTests.OrderLine_RejectsZeroQuantity_PerDC_4()
[xUnit.net 00:00:00.21]            at System.RuntimeMethodHandle.InvokeMethod(Object target, Void** arguments, Signature sig, Boolean isConstructor)
[xUnit.net 00:00:00.21]            at System.Reflection.MethodBaseInvoker.InvokeWithNoArgs(Object obj, BindingFlags invokeAttr)
[xUnit.net 00:00:00.21]       Expected stay.RestaurantCharges to be 45.96M because cancelled orders must be excluded per FR-RES-5, but found 110.91M (difference of 64.95).
[xUnit.net 00:00:00.21]       Stack Trace:
[xUnit.net 00:00:00.21]            at FluentAssertions.Execution.XUnit2TestFramework.Throw(String message)
[xUnit.net 00:00:00.21]            at FluentAssertions.Execution.TestFrameworkProvider.Throw(String message)
[xUnit.net 00:00:00.21]            at FluentAssertions.Execution.DefaultAssertionStrategy.HandleFailure(String message)
[xUnit.net 00:00:00.21]            at FluentAssertions.Execution.AssertionScope.FailWith(Func`1 failReasonFunc)
[xUnit.net 00:00:00.21]            at FluentAssertions.Execution.AssertionScope.FailWith(Func`1 failReasonFunc)
[xUnit.net 00:00:00.21]            at FluentAssertions.Execution.AssertionScope.FailWith(String message, Object[] args)
[xUnit.net 00:00:00.21]            at FluentAssertions.Numeric.NumericAssertions`2.Be(T expected, String because, Object[] becauseArgs)
[xUnit.net 00:00:00.21]         /Users/AbdurahmanIbrahem/Desktop/School/HotelManagement/Windows/HotelManagement.Tests/Unit/BookingServiceTests.cs(244,0): at HotelManagement.Tests.Unit.BookingServiceTests.CheckOut_AggregatesNonCancelledRestaurantCharges_PerFR_RES_5()
[xUnit.net 00:00:00.21]            at System.RuntimeMethodHandle.InvokeMethod(Object target, Void** arguments, Signature sig, Boolean isConstructor)
[xUnit.net 00:00:00.21]            at System.Reflection.MethodBaseInvoker.InvokeWithNoArgs(Object obj, BindingFlags invokeAttr)
[xUnit.net 00:00:00.21]       Expected a &lt;System.InvalidOperationException&gt; to be thrown, but no exception was thrown.
[xUnit.net 00:00:00.21]       Stack Trace:
[xUnit.net 00:00:00.21]            at FluentAssertions.Execution.XUnit2TestFramework.Throw(String message)
[xUnit.net 00:00:00.21]            at FluentAssertions.Execution.TestFrameworkProvider.Throw(String message)
[xUnit.net 00:00:00.21]            at FluentAssertions.Execution.DefaultAssertionStrategy.HandleFailure(String message)
[xUnit.net 00:00:00.21]            at FluentAssertions.Execution.AssertionScope.FailWith(Func`1 failReasonFunc)
[xUnit.net 00:00:00.21]            at FluentAssertions.Execution.AssertionScope.FailWith(Func`1 failReasonFunc)
[xUnit.net 00:00:00.21]            at FluentAssertions.Execution.AssertionScope.FailWith(String message)
[xUnit.net 00:00:00.21]            at FluentAssertions.Specialized.DelegateAssertionsBase`2.ThrowInternal[TException](Exception exception, String because, Object[] becauseArgs)
[xUnit.net 00:00:00.21]            at FluentAssertions.Specialized.DelegateAssertions`2.Throw[TException](String because, Object[] becauseArgs)
[xUnit.net 00:00:00.21]         /Users/AbdurahmanIbrahem/Desktop/School/HotelManagement/Windows/HotelManagement.Tests/Unit/InvoiceServiceTests.cs(116,0): at HotelManagement.Tests.Unit.InvoiceServiceTests.MarkRefunded_RejectsPendingInvoice_PerStateMachineSec3_5_3()
[xUnit.net 00:00:00.21]            at System.RuntimeMethodHandle.InvokeMethod(Object target, Void** arguments, Signature sig, Boolean isConstructor)
[xUnit.net 00:00:00.21]            at System.Reflection.MethodBaseInvoker.InvokeWithNoArgs(Object obj, BindingFlags invokeAttr)
[xUnit.net 00:00:00.22]       Expected a &lt;System.ArgumentException&gt; to be thrown, but no exception was thrown.
[xUnit.net 00:00:00.22]       Stack Trace:
[xUnit.net 00:00:00.22]            at FluentAssertions.Execution.XUnit2TestFramework.Throw(String message)
[xUnit.net 00:00:00.22]            at FluentAssertions.Execution.TestFrameworkProvider.Throw(String message)
[xUnit.net 00:00:00.22]            at FluentAssertions.Execution.DefaultAssertionStrategy.HandleFailure(String message)
[xUnit.net 00:00:00.22]            at FluentAssertions.Execution.AssertionScope.FailWith(Func`1 failReasonFunc)
[xUnit.net 00:00:00.22]            at FluentAssertions.Execution.AssertionScope.FailWith(Func`1 failReasonFunc)
[xUnit.net 00:00:00.22]            at FluentAssertions.Execution.AssertionScope.FailWith(String message)
[xUnit.net 00:00:00.22]            at FluentAssertions.Specialized.DelegateAssertionsBase`2.ThrowInternal[TException](Exception exception, String because, Object[] becauseArgs)
[xUnit.net 00:00:00.22]            at FluentAssertions.Specialized.DelegateAssertions`2.Throw[TException](String because, Object[] becauseArgs)
[xUnit.net 00:00:00.22]         /Users/AbdurahmanIbrahem/Desktop/School/HotelManagement/Windows/HotelManagement.Tests/Unit/BookingServiceTests.cs(47,0): at HotelManagement.Tests.Unit.BookingServiceTests.CreateReservation_RejectsZeroNightStay_PerDC_2()
[xUnit.net 00:00:00.22]            at System.RuntimeMethodHandle.InvokeMethod(Object target, Void** arguments, Signature sig, Boolean isConstructor)
[xUnit.net 00:00:00.22]            at System.Reflection.MethodBaseInvoker.InvokeWithNoArgs(Object obj, BindingFlags invokeAttr)
[xUnit.net 00:00:00.22]       Expected a &lt;System.InvalidOperationException&gt; to be thrown, but no exception was thrown.
[xUnit.net 00:00:00.22]       Stack Trace:
[xUnit.net 00:00:00.22]            at FluentAssertions.Execution.XUnit2TestFramework.Throw(String message)
[xUnit.net 00:00:00.22]            at FluentAssertions.Execution.TestFrameworkProvider.Throw(String message)
[xUnit.net 00:00:00.22]            at FluentAssertions.Execution.DefaultAssertionStrategy.HandleFailure(String message)
[xUnit.net 00:00:00.22]            at FluentAssertions.Execution.AssertionScope.FailWith(Func`1 failReasonFunc)
[xUnit.net 00:00:00.22]            at FluentAssertions.Execution.AssertionScope.FailWith(Func`1 failReasonFunc)
[xUnit.net 00:00:00.22]            at FluentAssertions.Execution.AssertionScope.FailWith(String message)
[xUnit.net 00:00:00.22]            at FluentAssertions.Specialized.DelegateAssertionsBase`2.ThrowInternal[TException](Exception exception, String because, Object[] becauseArgs)
[xUnit.net 00:00:00.22]            at FluentAssertions.Specialized.DelegateAssertions`2.Throw[TException](String because, Object[] becauseArgs)
[xUnit.net 00:00:00.22]         /Users/AbdurahmanIbrahem/Desktop/School/HotelManagement/Windows/HotelManagement.Tests/Unit/BookingServiceTests.cs(87,0): at HotelManagement.Tests.Unit.BookingServiceTests.CreateReservation_RequiresMarriageCertificate_WhenMixedGenderAdults_PerFR_RES_10()
[xUnit.net 00:00:00.22]            at System.RuntimeMethodHandle.InvokeMethod(Object target, Void** arguments, Signature sig, Boolean isConstructor)
[xUnit.net 00:00:00.22]            at System.Reflection.MethodBaseInvoker.InvokeWithNoArgs(Object obj, BindingFlags invokeAttr)
[xUnit.net 00:00:00.22]       Expected stay.RoomCharges to be 199.98M, but found 99.99M (difference of -99.99).
[xUnit.net 00:00:00.22]       Stack Trace:
[xUnit.net 00:00:00.22]            at FluentAssertions.Execution.XUnit2TestFramework.Throw(String message)
[xUnit.net 00:00:00.22]            at FluentAssertions.Execution.TestFrameworkProvider.Throw(String message)
[xUnit.net 00:00:00.22]            at FluentAssertions.Execution.DefaultAssertionStrategy.HandleFailure(String message)
[xUnit.net 00:00:00.22]            at FluentAssertions.Execution.AssertionScope.FailWith(Func`1 failReasonFunc)
[xUnit.net 00:00:00.22]            at FluentAssertions.Execution.AssertionScope.FailWith(Func`1 failReasonFunc)
[xUnit.net 00:00:00.22]            at FluentAssertions.Execution.AssertionScope.FailWith(String message, Object[] args)
[xUnit.net 00:00:00.22]            at FluentAssertions.Numeric.NumericAssertions`2.Be(T expected, String because, Object[] becauseArgs)
[xUnit.net 00:00:00.22]         /Users/AbdurahmanIbrahem/Desktop/School/HotelManagement/Windows/HotelManagement.Tests/Unit/BookingServiceTests.cs(225,0): at HotelManagement.Tests.Unit.BookingServiceTests.CheckOut_RoundsUpPartialNight_PerHotelConvention()
[xUnit.net 00:00:00.22]            at System.RuntimeMethodHandle.InvokeMethod(Object target, Void** arguments, Signature sig, Boolean isConstructor)
[xUnit.net 00:00:00.22]            at System.Reflection.MethodBaseInvoker.InvokeWithNoArgs(Object obj, BindingFlags invokeAttr)
[xUnit.net 00:00:00.22]   Finished:    HotelManagement.Tests
</StdOut>
    </Output>
    <RunInfos>
      <RunInfo computerName="MacBook-Pro-2" outcome="Error" timestamp="2026-05-21T11:24:54.6039050+02:00">
        <Text>[xUnit.net 00:00:00.18]     HotelManagement.Tests.Unit.UserServiceTests.RemoveUser_RejectsLastSystemAdmin_PerFR_USR_7 [FAIL]</Text>
      </RunInfo>
      <RunInfo computerName="MacBook-Pro-2" outcome="Error" timestamp="2026-05-21T11:24:54.6060970+02:00">
        <Text>[xUnit.net 00:00:00.19]     HotelManagement.Tests.Integration.ReservationLifecycleIntegrationTests.CancelledReservation_DoesNotAllowCheckIn [FAIL]</Text>
      </RunInfo>
      <RunInfo computerName="MacBook-Pro-2" outcome="Error" timestamp="2026-05-21T11:24:54.6087180+02:00">
        <Text>[xUnit.net 00:00:00.19]     HotelManagement.Tests.Integration.RestaurantAndInvoiceIntegrationTests.CancelledOrder_DoesNotIncreaseStayCharges [FAIL]</Text>
      </RunInfo>
      <RunInfo computerName="MacBook-Pro-2" outcome="Error" timestamp="2026-05-21T11:24:54.6087870+02:00">
        <Text>[xUnit.net 00:00:00.19]     HotelManagement.Tests.Unit.InvoiceServiceTests.GenerateInvoice_ExcludesCancelledOrderLines_PerFR_INV_1 [FAIL]</Text>
      </RunInfo>
      <RunInfo computerName="MacBook-Pro-2" outcome="Error" timestamp="2026-05-21T11:24:54.6088660+02:00">
        <Text>[xUnit.net 00:00:00.19]     HotelManagement.Tests.Unit.RestaurantServiceTests.CreateOrder_RejectsCheckedOutStay_PerFR_RST_4 [FAIL]</Text>
      </RunInfo>
      <RunInfo computerName="MacBook-Pro-2" outcome="Error" timestamp="2026-05-21T11:24:54.6091690+02:00">
        <Text>[xUnit.net 00:00:00.19]     HotelManagement.Tests.Unit.BookingServiceTests.CheckIn_RejectsCancelledReservation [FAIL]</Text>
      </RunInfo>
      <RunInfo computerName="MacBook-Pro-2" outcome="Error" timestamp="2026-05-21T11:24:54.6092380+02:00">
        <Text>[xUnit.net 00:00:00.19]     HotelManagement.Tests.Unit.RoomServiceTests.RemoveRoom_RejectsRoomWithConfirmedReservation [FAIL]</Text>
      </RunInfo>
      <RunInfo computerName="MacBook-Pro-2" outcome="Error" timestamp="2026-05-21T11:24:54.6167760+02:00">
        <Text>[xUnit.net 00:00:00.19]     HotelManagement.Tests.Integration.ReservationLifecycleIntegrationTests.CannotDoubleBookSameRoom_OverlappingDates [FAIL]</Text>
      </RunInfo>
      <RunInfo computerName="MacBook-Pro-2" outcome="Error" timestamp="2026-05-21T11:24:54.6176770+02:00">
        <Text>[xUnit.net 00:00:00.19]     HotelManagement.Tests.Unit.RestaurantServiceTests.AdvanceOrderStatus_RejectsCancelledOrder [FAIL]</Text>
      </RunInfo>
      <RunInfo computerName="MacBook-Pro-2" outcome="Error" timestamp="2026-05-21T11:24:54.6186160+02:00">
        <Text>[xUnit.net 00:00:00.19]     HotelManagement.Tests.Unit.RoomServiceTests.AddRoom_RejectsNegativeRate [FAIL]</Text>
      </RunInfo>
      <RunInfo computerName="MacBook-Pro-2" outcome="Error" timestamp="2026-05-21T11:24:54.6216130+02:00">
        <Text>[xUnit.net 00:00:00.19]     HotelManagement.Tests.Unit.BookingServiceTests.CreateReservation_RejectsCheckOutBeforeCheckIn_PerDC_2 [FAIL]</Text>
      </RunInfo>
      <RunInfo computerName="MacBook-Pro-2" outcome="Error" timestamp="2026-05-21T11:24:54.6216640+02:00">
        <Text>[xUnit.net 00:00:00.19]     HotelManagement.Tests.Unit.RestaurantServiceTests.OrderLine_RejectsNegativeQuantity_PerDC_4 [FAIL]</Text>
      </RunInfo>
      <RunInfo computerName="MacBook-Pro-2" outcome="Error" timestamp="2026-05-21T11:24:54.6217240+02:00">
        <Text>[xUnit.net 00:00:00.19]     HotelManagement.Tests.Unit.RoomServiceTests.AddRoom_RejectsNegativeFloor [FAIL]</Text>
      </RunInfo>
      <RunInfo computerName="MacBook-Pro-2" outcome="Error" timestamp="2026-05-21T11:24:54.6342530+02:00">
        <Text>[xUnit.net 00:00:00.20]     HotelManagement.Tests.Unit.BookingServiceTests.CheckIn_RejectsAlreadyOccupiedRoom_PerFR_ROOM_7 [FAIL]</Text>
      </RunInfo>
      <RunInfo computerName="MacBook-Pro-2" outcome="Error" timestamp="2026-05-21T11:24:54.6349920+02:00">
        <Text>[xUnit.net 00:00:00.20]     HotelManagement.Tests.Unit.BookingServiceTests.CreateReservation_RejectsOverCapacityParty_PerFR_RES_9 [FAIL]</Text>
      </RunInfo>
      <RunInfo computerName="MacBook-Pro-2" outcome="Error" timestamp="2026-05-21T11:24:54.6354710+02:00">
        <Text>[xUnit.net 00:00:00.21]     HotelManagement.Tests.Unit.RestaurantServiceTests.OrderLine_RejectsZeroQuantity_PerDC_4 [FAIL]</Text>
      </RunInfo>
      <RunInfo computerName="MacBook-Pro-2" outcome="Error" timestamp="2026-05-21T11:24:54.6364020+02:00">
        <Text>[xUnit.net 00:00:00.21]     HotelManagement.Tests.Unit.BookingServiceTests.CheckOut_AggregatesNonCancelledRestaurantCharges_PerFR_RES_5 [FAIL]</Text>
      </RunInfo>
      <RunInfo computerName="MacBook-Pro-2" outcome="Error" timestamp="2026-05-21T11:24:54.6364440+02:00">
        <Text>[xUnit.net 00:00:00.21]     HotelManagement.Tests.Unit.InvoiceServiceTests.MarkRefunded_RejectsPendingInvoice_PerStateMachineSec3_5_3 [FAIL]</Text>
      </RunInfo>
      <RunInfo computerName="MacBook-Pro-2" outcome="Error" timestamp="2026-05-21T11:24:54.6379070+02:00">
        <Text>[xUnit.net 00:00:00.21]     HotelManagement.Tests.Unit.BookingServiceTests.CreateReservation_RejectsZeroNightStay_PerDC_2 [FAIL]</Text>
      </RunInfo>
      <RunInfo computerName="MacBook-Pro-2" outcome="Error" timestamp="2026-05-21T11:24:54.6388300+02:00">
        <Text>[xUnit.net 00:00:00.22]     HotelManagement.Tests.Unit.BookingServiceTests.CreateReservation_RequiresMarriageCertificate_WhenMixedGenderAdults_PerFR_RES_10 [FAIL]</Text>
      </RunInfo>
      <RunInfo computerName="MacBook-Pro-2" outcome="Error" timestamp="2026-05-21T11:24:54.6393240+02:00">
        <Text>[xUnit.net 00:00:00.22]     HotelManagement.Tests.Unit.BookingServiceTests.CheckOut_RoundsUpPartialNight_PerHotelConvention [FAIL]</Text>
      </RunInfo>
    </RunInfos>
  </ResultSummary>
</TestRun>